<?xml version="1.0" encoding="UTF-8" standalone="yes"?><!DOCTYPE report PUBLIC "-//JACOCO//DTD Report 1.0//EN" "report.dtd"><report name="debugAndroidTest"><sessioninfo id="unknownhost-5c399189" start="1489050069469" dump="1489050069476"/><package name="universum/studios/android/device/connection"><class name="universum/studios/android/device/connection/ConnectionImpl"><method name="&lt;init&gt;" desc="(Landroid/content/Context;)V" line="83"><counter type="INSTRUCTION" missed="28" covered="0"/><counter type="LINE" missed="6" covered="0"/><counter type="COMPLEXITY" missed="1" covered="0"/><counter type="METHOD" missed="1" covered="0"/></method><method name="getsInstance" desc="(Landroid/content/Context;)Luniversum/studios/android/device/connection/ConnectionImpl;" line="120"><counter type="INSTRUCTION" missed="22" covered="0"/><counter type="BRANCH" missed="2" covered="0"/><counter type="LINE" missed="4" covered="0"/><counter type="COMPLEXITY" missed="2" covered="0"/><counter type="METHOD" missed="1" covered="0"/></method><method name="isConnectedOrConnecting" desc="()Z" line="130"><counter type="INSTRUCTION" missed="13" covered="0"/><counter type="BRANCH" missed="4" covered="0"/><counter type="LINE" missed="2" covered="0"/><counter type="COMPLEXITY" missed="3" covered="0"/><counter type="METHOD" missed="1" covered="0"/></method><method name="isConnected" desc="()Z" line="138"><counter type="INSTRUCTION" missed="13" covered="0"/><counter type="BRANCH" missed="4" covered="0"/><counter type="LINE" missed="2" covered="0"/><counter type="COMPLEXITY" missed="3" covered="0"/><counter type="METHOD" missed="1" covered="0"/></method><method name="isConnectedOrConnecting" desc="(Luniversum/studios/android/device/connection/Connection$ConnectionType;)Z" line="148"><counter type="INSTRUCTION" missed="15" covered="0"/><counter type="BRANCH" missed="4" covered="0"/><counter type="LINE" missed="2" covered="0"/><counter type="COMPLEXITY" missed="3" covered="0"/><counter type="METHOD" missed="1" covered="0"/></method><method name="isConnected" desc="(Luniversum/studios/android/device/connection/Connection$ConnectionType;)Z" line="158"><counter type="INSTRUCTION" missed="15" covered="0"/><counter type="BRANCH" missed="4" covered="0"/><counter type="LINE" missed="2" covered="0"/><counter type="COMPLEXITY" missed="3" covered="0"/><counter type="METHOD" missed="1" covered="0"/></method><method name="isAvailable" desc="(Luniversum/studios/android/device/connection/Connection$ConnectionType;)Z" line="168"><counter type="INSTRUCTION" missed="15" covered="0"/><counter type="BRANCH" missed="4" covered="0"/><counter type="LINE" missed="2" covered="0"/><counter type="COMPLEXITY" missed="3" covered="0"/><counter type="METHOD" missed="1" covered="0"/></method><method name="getConnectionType" desc="()Luniversum/studios/android/device/connection/Connection$ConnectionType;" line="177"><counter type="INSTRUCTION" missed="15" covered="0"/><counter type="BRANCH" missed="4" covered="0"/><counter type="LINE" missed="3" covered="0"/><counter type="COMPLEXITY" missed="3" covered="0"/><counter type="METHOD" missed="1" covered="0"/></method><method name="getConnectionInfo" desc="(Luniversum/studios/android/device/connection/Connection$ConnectionType;)Landroid/net/NetworkInfo;" line="190"><counter type="INSTRUCTION" missed="6" covered="0"/><counter type="LINE" missed="1" covered="0"/><counter type="COMPLEXITY" missed="1" covered="0"/><counter type="METHOD" missed="1" covered="0"/></method><method name="registerOnConnectionListener" desc="(Luniversum/studios/android/device/connection/Connection$OnConnectionListener;)V" line="197"><counter type="INSTRUCTION" missed="24" covered="0"/><counter type="BRANCH" missed="2" covered="0"/><counter type="LINE" missed="4" covered="0"/><counter type="COMPLEXITY" missed="2" covered="0"/><counter type="METHOD" missed="1" covered="0"/></method><method name="unregisterOnConnectionListener" desc="(Luniversum/studios/android/device/connection/Connection$OnConnectionListener;)V" line="206"><counter type="INSTRUCTION" missed="19" covered="0"/><counter type="LINE" missed="4" covered="0"/><counter type="COMPLEXITY" missed="1" covered="0"/><counter type="METHOD" missed="1" covered="0"/></method><method name="registerConnectionReceiver" desc="(Landroid/content/Context;)V" line="215"><counter type="INSTRUCTION" missed="33" covered="0"/><counter type="BRANCH" missed="2" covered="0"/><counter type="LINE" missed="7" covered="0"/><counter type="COMPLEXITY" missed="2" covered="0"/><counter type="METHOD" missed="1" covered="0"/></method><method name="isConnectionReceiverRegistered" desc="()Z" line="230"><counter type="INSTRUCTION" missed="4" covered="0"/><counter type="LINE" missed="1" covered="0"/><counter type="COMPLEXITY" missed="1" covered="0"/><counter type="METHOD" missed="1" covered="0"/></method><method name="unregisterConnectionReceiver" desc="(Landroid/content/Context;)V" line="237"><counter type="INSTRUCTION" missed="28" covered="0"/><counter type="BRANCH" missed="2" covered="0"/><counter type="LINE" missed="7" covered="0"/><counter type="COMPLEXITY" missed="2" covered="0"/><counter type="METHOD" missed="1" covered="0"/></method><method name="handleBroadcast" desc="(Landroid/content/Context;Landroid/content/Intent;)V" line="253"><counter type="INSTRUCTION" missed="110" covered="0"/><counter type="BRANCH" missed="14" covered="0"/><counter type="LINE" missed="22" covered="0"/><counter type="COMPLEXITY" missed="8" covered="0"/><counter type="METHOD" missed="1" covered="0"/></method><method name="&lt;clinit&gt;" desc="()V" line="59"><counter type="INSTRUCTION" missed="5" covered="0"/><counter type="LINE" missed="1" covered="0"/><counter type="COMPLEXITY" missed="1" covered="0"/><counter type="METHOD" missed="1" covered="0"/></method><counter type="INSTRUCTION" missed="365" covered="0"/><counter type="BRANCH" missed="46" covered="0"/><counter type="LINE" missed="70" covered="0"/><counter type="COMPLEXITY" missed="39" covered="0"/><counter type="METHOD" missed="16" covered="0"/><counter type="CLASS" missed="1" covered="0"/></class><class name="universum/studios/android/device/connection/ConnectionStateReceiver"><method name="&lt;init&gt;" desc="()V" line="34"><counter type="INSTRUCTION" missed="3" covered="0"/><counter type="LINE" missed="1" covered="0"/><counter type="COMPLEXITY" missed="1" covered="0"/><counter type="METHOD" missed="1" covered="0"/></method><method name="newIntentFilter" desc="()Landroid/content/IntentFilter;" line="44"><counter type="INSTRUCTION" missed="5" covered="0"/><counter type="LINE" missed="1" covered="0"/><counter type="COMPLEXITY" missed="1" covered="0"/><counter type="METHOD" missed="1" covered="0"/></method><method name="onReceive" desc="(Landroid/content/Context;Landroid/content/Intent;)V" line="51"><counter type="INSTRUCTION" missed="6" covered="0"/><counter type="LINE" missed="2" covered="0"/><counter type="COMPLEXITY" missed="1" covered="0"/><counter type="METHOD" missed="1" covered="0"/></method><counter type="INSTRUCTION" missed="14" covered="0"/><counter type="LINE" missed="4" covered="0"/><counter type="COMPLEXITY" missed="3" covered="0"/><counter type="METHOD" missed="3" covered="0"/><counter type="CLASS" missed="1" covered="0"/></class><class name="universum/studios/android/device/connection/Connection$1"><method name="&lt;init&gt;" desc="()V" line="131"><counter type="INSTRUCTION" missed="3" covered="0"/><counter type="LINE" missed="1" covered="0"/><counter type="COMPLEXITY" missed="1" covered="0"/><counter type="METHOD" missed="1" covered="0"/></method><method name="getConnection" desc="(Landroid/content/Context;)Luniversum/studios/android/device/connection/Connection;" line="138"><counter type="INSTRUCTION" missed="3" covered="0"/><counter type="LINE" missed="1" covered="0"/><counter type="COMPLEXITY" missed="1" covered="0"/><counter type="METHOD" missed="1" covered="0"/></method><counter type="INSTRUCTION" missed="6" covered="0"/><counter type="LINE" missed="2" covered="0"/><counter type="COMPLEXITY" missed="2" covered="0"/><counter type="METHOD" missed="2" covered="0"/><counter type="CLASS" missed="1" covered="0"/></class><class name="universum/studios/android/device/connection/Connection$ConnectionType"><method name="values" desc="()[Luniversum/studios/android/device/connection/Connection$ConnectionType;" line="197"><counter type="INSTRUCTION" missed="4" covered="0"/><counter type="LINE" missed="1" covered="0"/><counter type="COMPLEXITY" missed="1" covered="0"/><counter type="METHOD" missed="1" covered="0"/></method><method name="valueOf" desc="(Ljava/lang/String;)Luniversum/studios/android/device/connection/Connection$ConnectionType;" line="197"><counter type="INSTRUCTION" missed="5" covered="0"/><counter type="LINE" missed="1" covered="0"/><counter type="COMPLEXITY" missed="1" covered="0"/><counter type="METHOD" missed="1" covered="0"/></method><method name="&lt;init&gt;" desc="(Ljava/lang/String;IILjava/lang/String;Ljava/lang/String;)V" line="358"><counter type="INSTRUCTION" missed="14" covered="0"/><counter type="LINE" missed="5" covered="0"/><counter type="COMPLEXITY" missed="1" covered="0"/><counter type="METHOD" missed="1" covered="0"/></method><method name="resolve" desc="(I)Luniversum/studios/android/device/connection/Connection$ConnectionType;" line="375"><counter type="INSTRUCTION" missed="24" covered="0"/><counter type="BRANCH" missed="4" covered="0"/><counter type="LINE" missed="3" covered="0"/><counter type="COMPLEXITY" missed="3" covered="0"/><counter type="METHOD" missed="1" covered="0"/></method><method name="&lt;clinit&gt;" desc="()V" line="197"><counter type="INSTRUCTION" missed="147" covered="0"/><counter type="LINE" missed="12" covered="0"/><counter type="COMPLEXITY" missed="1" covered="0"/><counter type="METHOD" missed="1" covered="0"/></method><counter type="INSTRUCTION" missed="194" covered="0"/><counter type="BRANCH" missed="4" covered="0"/><counter type="LINE" missed="20" covered="0"/><counter type="COMPLEXITY" missed="7" covered="0"/><counter type="METHOD" missed="5" covered="0"/><counter type="CLASS" missed="1" covered="0"/></class><class name="universum/studios/android/device/connection/Connection"><method name="&lt;clinit&gt;" desc="()V" line="131"><counter type="INSTRUCTION" missed="5" covered="0"/><counter type="LINE" missed="1" covered="0"/><counter type="COMPLEXITY" missed="1" covered="0"/><counter type="METHOD" missed="1" covered="0"/></method><counter type="INSTRUCTION" missed="5" covered="0"/><counter type="LINE" missed="1" covered="0"/><counter type="COMPLEXITY" missed="1" covered="0"/><counter type="METHOD" missed="1" covered="0"/><counter type="CLASS" missed="1" covered="0"/></class><class name="universum/studios/android/device/connection/ConnectionImpl$ActualConnection"><method name="&lt;init&gt;" desc="(Luniversum/studios/android/device/connection/Connection$ConnectionType;Z)V" line="292"><counter type="INSTRUCTION" missed="12" covered="0"/><counter type="LINE" missed="5" covered="0"/><counter type="COMPLEXITY" missed="1" covered="0"/><counter type="METHOD" missed="1" covered="0"/></method><method name="hashCode" desc="()I" line="314"><counter type="INSTRUCTION" missed="17" covered="0"/><counter type="BRANCH" missed="2" covered="0"/><counter type="LINE" missed="3" covered="0"/><counter type="COMPLEXITY" missed="2" covered="0"/><counter type="METHOD" missed="1" covered="0"/></method><method name="equals" desc="(Ljava/lang/Object;)Z" line="323"><counter type="INSTRUCTION" missed="30" covered="0"/><counter type="BRANCH" missed="8" covered="0"/><counter type="LINE" missed="6" covered="0"/><counter type="COMPLEXITY" missed="5" covered="0"/><counter type="METHOD" missed="1" covered="0"/></method><counter type="INSTRUCTION" missed="59" covered="0"/><counter type="BRANCH" missed="10" covered="0"/><counter type="LINE" missed="14" covered="0"/><counter type="COMPLEXITY" missed="8" covered="0"/><counter type="METHOD" missed="3" covered="0"/><counter type="CLASS" missed="1" covered="0"/></class><class name="universum/studios/android/device/connection/ConnectionUtils"><method name="isConnectionEstablished" desc="(Landroid/content/Context;)Z" line="46"><counter type="INSTRUCTION" missed="12" covered="0"/><counter type="BRANCH" missed="4" covered="0"/><counter type="LINE" missed="2" covered="0"/><counter type="COMPLEXITY" missed="3" covered="0"/><counter type="METHOD" missed="1" covered="0"/></method><method name="isConnectionEstablished" desc="(Landroid/content/Context;I)Z" line="66"><counter type="INSTRUCTION" missed="14" covered="0"/><counter type="BRANCH" missed="4" covered="0"/><counter type="LINE" missed="2" covered="0"/><counter type="COMPLEXITY" missed="3" covered="0"/><counter type="METHOD" missed="1" covered="0"/></method><method name="isConnectionAvailable" desc="(Landroid/content/Context;I)Z" line="84"><counter type="INSTRUCTION" missed="14" covered="0"/><counter type="BRANCH" missed="4" covered="0"/><counter type="LINE" missed="2" covered="0"/><counter type="COMPLEXITY" missed="3" covered="0"/><counter type="METHOD" missed="1" covered="0"/></method><method name="obtainEstablishedConnectionType" desc="(Landroid/content/Context;)I" line="100"><counter type="INSTRUCTION" missed="10" covered="0"/><counter type="BRANCH" missed="2" covered="0"/><counter type="LINE" missed="2" covered="0"/><counter type="COMPLEXITY" missed="2" covered="0"/><counter type="METHOD" missed="1" covered="0"/></method><method name="obtainEstablishedConnectionInfo" desc="(Landroid/content/Context;)Landroid/net/NetworkInfo;" line="115"><counter type="INSTRUCTION" missed="4" covered="0"/><counter type="LINE" missed="1" covered="0"/><counter type="COMPLEXITY" missed="1" covered="0"/><counter type="METHOD" missed="1" covered="0"/></method><method name="accessManager" desc="(Landroid/content/Context;)Landroid/net/ConnectivityManager;" line="125"><counter type="INSTRUCTION" missed="5" covered="0"/><counter type="LINE" missed="1" covered="0"/><counter type="COMPLEXITY" missed="1" covered="0"/><counter type="METHOD" missed="1" covered="0"/></method><method name="&lt;init&gt;" desc="()V" line="130"><counter type="INSTRUCTION" missed="3" covered="0"/><counter type="LINE" missed="2" covered="0"/><counter type="COMPLEXITY" missed="1" covered="0"/><counter type="METHOD" missed="1" covered="0"/></method><counter type="INSTRUCTION" missed="62" covered="0"/><counter type="BRANCH" missed="14" covered="0"/><counter type="LINE" missed="12" covered="0"/><counter type="COMPLEXITY" missed="14" covered="0"/><counter type="METHOD" missed="7" covered="0"/><counter type="CLASS" missed="1" covered="0"/></class><sourcefile name="ConnectionUtils.java"><line nr="46" mi="3" ci="0" mb="0" cb="0"/><line nr="47" mi="9" ci="0" mb="4" cb="0"/><line nr="66" mi="5" ci="0" mb="0" cb="0"/><line nr="67" mi="9" ci="0" mb="4" cb="0"/><line nr="84" mi="5" ci="0" mb="0" cb="0"/><line nr="85" mi="9" ci="0" mb="4" cb="0"/><line nr="100" mi="3" ci="0" mb="0" cb="0"/><line nr="101" mi="7" ci="0" mb="2" cb="0"/><line nr="115" mi="4" ci="0" mb="0" cb="0"/><line nr="125" mi="5" ci="0" mb="0" cb="0"/><line nr="130" mi="2" ci="0" mb="0" cb="0"/><line nr="132" mi="1" ci="0" mb="0" cb="0"/><counter type="INSTRUCTION" missed="62" covered="0"/><counter type="BRANCH" missed="14" covered="0"/><counter type="LINE" missed="12" covered="0"/><counter type="COMPLEXITY" missed="14" covered="0"/><counter type="METHOD" missed="7" covered="0"/><counter type="CLASS" missed="1" covered="0"/></sourcefile><sourcefile name="Connection.java"><line nr="131" mi="8" ci="0" mb="0" cb="0"/><line nr="138" mi="3" ci="0" mb="0" cb="0"/><line nr="197" mi="57" ci="0" mb="0" cb="0"/><line nr="209" mi="9" ci="0" mb="0" cb="0"/><line nr="221" mi="9" ci="0" mb="0" cb="0"/><line nr="233" mi="9" ci="0" mb="0" cb="0"/><line nr="245" mi="9" ci="0" mb="0" cb="0"/><line nr="256" mi="9" ci="0" mb="0" cb="0"/><line nr="267" mi="9" ci="0" mb="0" cb="0"/><line nr="280" mi="9" ci="0" mb="0" cb="0"/><line nr="294" mi="9" ci="0" mb="0" cb="0"/><line nr="308" mi="9" ci="0" mb="0" cb="0"/><line nr="320" mi="9" ci="0" mb="0" cb="0"/><line nr="331" mi="9" ci="0" mb="0" cb="0"/><line nr="358" mi="4" ci="0" mb="0" cb="0"/><line nr="359" mi="3" ci="0" mb="0" cb="0"/><line nr="360" mi="3" ci="0" mb="0" cb="0"/><line nr="361" mi="3" ci="0" mb="0" cb="0"/><line nr="362" mi="1" ci="0" mb="0" cb="0"/><line nr="375" mi="16" ci="0" mb="2" cb="0"/><line nr="376" mi="6" ci="0" mb="2" cb="0"/><line nr="378" mi="2" ci="0" mb="0" cb="0"/><counter type="INSTRUCTION" missed="205" covered="0"/><counter type="BRANCH" missed="4" covered="0"/><counter type="LINE" missed="22" covered="0"/><counter type="COMPLEXITY" missed="10" covered="0"/><counter type="METHOD" missed="8" covered="0"/><counter type="CLASS" missed="3" covered="0"/></sourcefile><sourcefile name="ConnectionImpl.java"><line nr="59" mi="5" ci="0" mb="0" cb="0"/><line nr="83" mi="6" ci="0" mb="0" cb="0"/><line nr="88" mi="7" ci="0" mb="0" cb="0"/><line nr="93" mi="6" ci="0" mb="0" cb="0"/><line nr="104" mi="2" ci="0" mb="0" cb="0"/><line nr="105" mi="6" ci="0" mb="0" cb="0"/><line nr="106" mi="1" ci="0" mb="0" cb="0"/><line nr="120" mi="4" ci="0" mb="0" cb="0"/><line nr="121" mi="8" ci="0" mb="2" cb="0"/><line nr="122" mi="8" ci="0" mb="0" cb="0"/><line nr="123" mi="2" ci="0" mb="0" cb="0"/><line nr="130" mi="4" ci="0" mb="0" cb="0"/><line nr="131" mi="9" ci="0" mb="4" cb="0"/><line nr="138" mi="4" ci="0" mb="0" cb="0"/><line nr="139" mi="9" ci="0" mb="4" cb="0"/><line nr="148" mi="6" ci="0" mb="0" cb="0"/><line nr="149" mi="9" ci="0" mb="4" cb="0"/><line nr="158" mi="6" ci="0" mb="0" cb="0"/><line nr="159" mi="9" ci="0" mb="4" cb="0"/><line nr="168" mi="6" ci="0" mb="0" cb="0"/><line nr="169" mi="9" ci="0" mb="4" cb="0"/><line nr="177" mi="4" ci="0" mb="0" cb="0"/><line nr="178" mi="8" ci="0" mb="4" cb="0"/><line nr="180" mi="3" ci="0" mb="0" cb="0"/><line nr="190" mi="6" ci="0" mb="0" cb="0"/><line nr="197" mi="5" ci="0" mb="0" cb="0"/><line nr="198" mi="10" ci="0" mb="2" cb="0"/><line nr="199" mi="8" ci="0" mb="0" cb="0"/><line nr="200" mi="1" ci="0" mb="0" cb="0"/><line nr="206" mi="5" ci="0" mb="0" cb="0"/><line nr="207" mi="5" ci="0" mb="0" cb="0"/><line nr="208" mi="8" ci="0" mb="0" cb="0"/><line nr="209" mi="1" ci="0" mb="0" cb="0"/><line nr="215" mi="4" ci="0" mb="0" cb="0"/><line nr="216" mi="4" ci="0" mb="2" cb="0"/><line nr="217" mi="4" ci="0" mb="0" cb="0"/><line nr="218" mi="11" ci="0" mb="0" cb="0"/><line nr="220" mi="1" ci="0" mb="0" cb="0"/><line nr="223" mi="8" ci="0" mb="0" cb="0"/><line nr="224" mi="1" ci="0" mb="0" cb="0"/><line nr="230" mi="4" ci="0" mb="0" cb="0"/><line nr="237" mi="4" ci="0" mb="0" cb="0"/><line nr="238" mi="4" ci="0" mb="2" cb="0"/><line nr="239" mi="4" ci="0" mb="0" cb="0"/><line nr="240" mi="4" ci="0" mb="0" cb="0"/><line nr="241" mi="3" ci="0" mb="0" cb="0"/><line nr="243" mi="8" ci="0" mb="0" cb="0"/><line nr="244" mi="1" ci="0" mb="0" cb="0"/><line nr="253" mi="3" ci="0" mb="2" cb="0"/><line nr="254" mi="3" ci="0" mb="0" cb="0"/><line nr="255" mi="6" ci="0" mb="0" cb="0"/><line nr="256" mi="5" ci="0" mb="2" cb="0"/><line nr="257" mi="3" ci="0" mb="0" cb="0"/><line nr="258" mi="4" ci="0" mb="0" cb="0"/><line nr="259" mi="5" ci="0" mb="0" cb="0"/><line nr="260" mi="4" ci="0" mb="2" cb="0"/><line nr="261" mi="11" ci="0" mb="2" cb="0"/><line nr="262" mi="5" ci="0" mb="0" cb="0"/><line nr="263" mi="1" ci="0" mb="0" cb="0"/><line nr="265" mi="8" ci="0" mb="0" cb="0"/><line nr="267" mi="4" ci="0" mb="2" cb="0"/><line nr="268" mi="7" ci="0" mb="0" cb="0"/><line nr="269" mi="7" ci="0" mb="0" cb="0"/><line nr="270" mi="5" ci="0" mb="0" cb="0"/><line nr="271" mi="4" ci="0" mb="2" cb="0"/><line nr="272" mi="11" ci="0" mb="2" cb="0"/><line nr="273" mi="4" ci="0" mb="0" cb="0"/><line nr="274" mi="1" ci="0" mb="0" cb="0"/><line nr="276" mi="8" ci="0" mb="0" cb="0"/><line nr="278" mi="1" ci="0" mb="0" cb="0"/><line nr="292" mi="3" ci="0" mb="0" cb="0"/><line nr="305" mi="2" ci="0" mb="0" cb="0"/><line nr="306" mi="3" ci="0" mb="0" cb="0"/><line nr="307" mi="3" ci="0" mb="0" cb="0"/><line nr="308" mi="1" ci="0" mb="0" cb="0"/><line nr="314" mi="7" ci="0" mb="2" cb="0"/><line nr="315" mi="8" ci="0" mb="0" cb="0"/><line nr="316" mi="2" ci="0" mb="0" cb="0"/><line nr="323" mi="5" ci="0" mb="2" cb="0"/><line nr="324" mi="5" ci="0" mb="2" cb="0"/><line nr="325" mi="3" ci="0" mb="0" cb="0"/><line nr="326" mi="6" ci="0" mb="2" cb="0"/><line nr="327" mi="2" ci="0" mb="0" cb="0"/><line nr="329" mi="9" ci="0" mb="2" cb="0"/><counter type="INSTRUCTION" missed="424" covered="0"/><counter type="BRANCH" missed="56" covered="0"/><counter type="LINE" missed="84" covered="0"/><counter type="COMPLEXITY" missed="47" covered="0"/><counter type="METHOD" missed="19" covered="0"/><counter type="CLASS" missed="2" covered="0"/></sourcefile><sourcefile name="ConnectionStateReceiver.java"><line nr="34" mi="3" ci="0" mb="0" cb="0"/><line nr="44" mi="5" ci="0" mb="0" cb="0"/><line nr="51" mi="5" ci="0" mb="0" cb="0"/><line nr="52" mi="1" ci="0" mb="0" cb="0"/><counter type="INSTRUCTION" missed="14" covered="0"/><counter type="LINE" missed="4" covered="0"/><counter type="COMPLEXITY" missed="3" covered="0"/><counter type="METHOD" missed="3" covered="0"/><counter type="CLASS" missed="1" covered="0"/></sourcefile><counter type="INSTRUCTION" missed="705" covered="0"/><counter type="BRANCH" missed="74" covered="0"/><counter type="LINE" missed="122" covered="0"/><counter type="COMPLEXITY" missed="74" covered="0"/><counter type="METHOD" missed="37" covered="0"/><counter type="CLASS" missed="7" covered="0"/></package><package name="universum/studios/android/device/screen"><class name="universum/studios/android/device/screen/Screen$1"><method name="&lt;init&gt;" desc="()V" line="102"><counter type="INSTRUCTION" missed="3" covered="0"/><counter type="LINE" missed="1" covered="0"/><counter type="COMPLEXITY" missed="1" covered="0"/><counter type="METHOD" missed="1" covered="0"/></method><method name="getScreen" desc="(Landroid/content/Context;)Luniversum/studios/android/device/screen/Screen;" line="109"><counter type="INSTRUCTION" missed="3" covered="0"/><counter type="LINE" missed="1" covered="0"/><counter type="COMPLEXITY" missed="1" covered="0"/><counter type="METHOD" missed="1" covered="0"/></method><counter type="INSTRUCTION" missed="6" covered="0"/><counter type="LINE" missed="2" covered="0"/><counter type="COMPLEXITY" missed="2" covered="0"/><counter type="METHOD" missed="2" covered="0"/><counter type="CLASS" missed="1" covered="0"/></class><class name="universum/studios/android/device/screen/Screen"><method name="&lt;clinit&gt;" desc="()V" line="102"><counter type="INSTRUCTION" missed="5" covered="0"/><counter type="LINE" missed="1" covered="0"/><counter type="COMPLEXITY" missed="1" covered="0"/><counter type="METHOD" missed="1" covered="0"/></method><counter type="INSTRUCTION" missed="5" covered="0"/><counter type="LINE" missed="1" covered="0"/><counter type="COMPLEXITY" missed="1" covered="0"/><counter type="METHOD" missed="1" covered="0"/><counter type="CLASS" missed="1" covered="0"/></class><class name="universum/studios/android/device/screen/Screen$ScreenRotation"><method name="values" desc="()[Luniversum/studios/android/device/screen/Screen$ScreenRotation;" line="398"><counter type="INSTRUCTION" missed="4" covered="0"/><counter type="LINE" missed="1" covered="0"/><counter type="COMPLEXITY" missed="1" covered="0"/><counter type="METHOD" missed="1" covered="0"/></method><method name="valueOf" desc="(Ljava/lang/String;)Luniversum/studios/android/device/screen/Screen$ScreenRotation;" line="398"><counter type="INSTRUCTION" missed="5" covered="0"/><counter type="LINE" missed="1" covered="0"/><counter type="COMPLEXITY" missed="1" covered="0"/><counter type="METHOD" missed="1" covered="0"/></method><method name="&lt;init&gt;" desc="(Ljava/lang/String;III)V" line="458"><counter type="INSTRUCTION" missed="11" covered="0"/><counter type="LINE" missed="4" covered="0"/><counter type="COMPLEXITY" missed="1" covered="0"/><counter type="METHOD" missed="1" covered="0"/></method><method name="resolve" desc="(I)Luniversum/studios/android/device/screen/Screen$ScreenRotation;" line="474"><counter type="INSTRUCTION" missed="24" covered="0"/><counter type="BRANCH" missed="4" covered="0"/><counter type="LINE" missed="3" covered="0"/><counter type="COMPLEXITY" missed="3" covered="0"/><counter type="METHOD" missed="1" covered="0"/></method><method name="&lt;clinit&gt;" desc="()V" line="398"><counter type="INSTRUCTION" missed="64" covered="0"/><counter type="LINE" missed="6" covered="0"/><counter type="COMPLEXITY" missed="1" covered="0"/><counter type="METHOD" missed="1" covered="0"/></method><counter type="INSTRUCTION" missed="108" covered="0"/><counter type="BRANCH" missed="4" covered="0"/><counter type="LINE" missed="13" covered="0"/><counter type="COMPLEXITY" missed="7" covered="0"/><counter type="METHOD" missed="5" covered="0"/><counter type="CLASS" missed="1" covered="0"/></class><class name="universum/studios/android/device/screen/ScreenImpl$1"><method name="&lt;clinit&gt;" desc="()V" line="163"><counter type="INSTRUCTION" missed="33" covered="0"/><counter type="LINE" missed="1" covered="0"/><counter type="COMPLEXITY" missed="1" covered="0"/><counter type="METHOD" missed="1" covered="0"/></method><counter type="INSTRUCTION" missed="33" covered="0"/><counter type="LINE" missed="1" covered="0"/><counter type="COMPLEXITY" missed="1" covered="0"/><counter type="METHOD" missed="1" covered="0"/><counter type="CLASS" missed="1" covered="0"/></class><class name="universum/studios/android/device/screen/ScreenUtils"><method name="&lt;init&gt;" desc="()V" line="36"><counter type="INSTRUCTION" missed="3" covered="0"/><counter type="LINE" missed="2" covered="0"/><counter type="COMPLEXITY" missed="1" covered="0"/><counter type="METHOD" missed="1" covered="0"/></method><method name="hideSoftKeyboard" desc="(Landroid/app/Activity;)Z" line="51"><counter type="INSTRUCTION" missed="13" covered="0"/><counter type="BRANCH" missed="4" covered="0"/><counter type="LINE" missed="2" covered="0"/><counter type="COMPLEXITY" missed="3" covered="0"/><counter type="METHOD" missed="1" covered="0"/></method><method name="hideSoftKeyboard" desc="(Landroid/view/View;)Z" line="63"><counter type="INSTRUCTION" missed="20" covered="0"/><counter type="BRANCH" missed="4" covered="0"/><counter type="LINE" missed="4" covered="0"/><counter type="COMPLEXITY" missed="3" covered="0"/><counter type="METHOD" missed="1" covered="0"/></method><method name="showSoftKeyboard" desc="(Landroid/app/Activity;)Z" line="80"><counter type="INSTRUCTION" missed="13" covered="0"/><counter type="BRANCH" missed="4" covered="0"/><counter type="LINE" missed="2" covered="0"/><counter type="COMPLEXITY" missed="3" covered="0"/><counter type="METHOD" missed="1" covered="0"/></method><method name="showSoftKeyboard" desc="(Landroid/view/View;)Z" line="92"><counter type="INSTRUCTION" missed="24" covered="0"/><counter type="BRANCH" missed="6" covered="0"/><counter type="LINE" missed="6" covered="0"/><counter type="COMPLEXITY" missed="4" covered="0"/><counter type="METHOD" missed="1" covered="0"/></method><counter type="INSTRUCTION" missed="73" covered="0"/><counter type="BRANCH" missed="18" covered="0"/><counter type="LINE" missed="16" covered="0"/><counter type="COMPLEXITY" missed="14" covered="0"/><counter type="METHOD" missed="5" covered="0"/><counter type="CLASS" missed="1" covered="0"/></class><class name="universum/studios/android/device/screen/Screen$ScreenDensity"><method name="values" desc="()[Luniversum/studios/android/device/screen/Screen$ScreenDensity;" line="202"><counter type="INSTRUCTION" missed="4" covered="0"/><counter type="LINE" missed="1" covered="0"/><counter type="COMPLEXITY" missed="1" covered="0"/><counter type="METHOD" missed="1" covered="0"/></method><method name="valueOf" desc="(Ljava/lang/String;)Luniversum/studios/android/device/screen/Screen$ScreenDensity;" line="202"><counter type="INSTRUCTION" missed="5" covered="0"/><counter type="LINE" missed="1" covered="0"/><counter type="COMPLEXITY" missed="1" covered="0"/><counter type="METHOD" missed="1" covered="0"/></method><method name="&lt;init&gt;" desc="(Ljava/lang/String;IFF)V" line="278"><counter type="INSTRUCTION" missed="11" covered="0"/><counter type="LINE" missed="4" covered="0"/><counter type="COMPLEXITY" missed="1" covered="0"/><counter type="METHOD" missed="1" covered="0"/></method><method name="resolve" desc="(F)Luniversum/studios/android/device/screen/Screen$ScreenDensity;" line="292"><counter type="INSTRUCTION" missed="34" covered="0"/><counter type="BRANCH" missed="6" covered="0"/><counter type="LINE" missed="3" covered="0"/><counter type="COMPLEXITY" missed="4" covered="0"/><counter type="METHOD" missed="1" covered="0"/></method><method name="&lt;clinit&gt;" desc="()V" line="202"><counter type="INSTRUCTION" missed="88" covered="0"/><counter type="LINE" missed="8" covered="0"/><counter type="COMPLEXITY" missed="1" covered="0"/><counter type="METHOD" missed="1" covered="0"/></method><counter type="INSTRUCTION" missed="142" covered="0"/><counter type="BRANCH" missed="6" covered="0"/><counter type="LINE" missed="15" covered="0"/><counter type="COMPLEXITY" missed="8" covered="0"/><counter type="METHOD" missed="5" covered="0"/><counter type="CLASS" missed="1" covered="0"/></class><class name="universum/studios/android/device/screen/ScreenImpl"><method name="&lt;init&gt;" desc="(Landroid/content/Context;)V" line="81"><counter type="INSTRUCTION" missed="178" covered="0"/><counter type="BRANCH" missed="27" covered="0"/><counter type="LINE" missed="45" covered="0"/><counter type="COMPLEXITY" missed="17" covered="0"/><counter type="METHOD" missed="1" covered="0"/></method><method name="getsInstance" desc="(Landroid/content/Context;)Luniversum/studios/android/device/screen/ScreenImpl;" line="249"><counter type="INSTRUCTION" missed="22" covered="0"/><counter type="BRANCH" missed="2" covered="0"/><counter type="LINE" missed="4" covered="0"/><counter type="COMPLEXITY" missed="2" covered="0"/><counter type="METHOD" missed="1" covered="0"/></method><method name="isOn" desc="()Z" line="260"><counter type="INSTRUCTION" missed="15" covered="0"/><counter type="BRANCH" missed="4" covered="0"/><counter type="LINE" missed="2" covered="0"/><counter type="COMPLEXITY" missed="3" covered="0"/><counter type="METHOD" missed="1" covered="0"/></method><method name="isInteractive" desc="()Z" line="269"><counter type="INSTRUCTION" missed="15" covered="0"/><counter type="BRANCH" missed="4" covered="0"/><counter type="LINE" missed="2" covered="0"/><counter type="COMPLEXITY" missed="3" covered="0"/><counter type="METHOD" missed="1" covered="0"/></method><method name="lockOrientation" desc="(Landroid/app/Activity;)Z" line="277"><counter type="INSTRUCTION" missed="5" covered="0"/><counter type="LINE" missed="1" covered="0"/><counter type="COMPLEXITY" missed="1" covered="0"/><counter type="METHOD" missed="1" covered="0"/></method><method name="unlockOrientation" desc="(Landroid/app/Activity;)V" line="284"><counter type="INSTRUCTION" missed="6" covered="0"/><counter type="LINE" missed="2" covered="0"/><counter type="COMPLEXITY" missed="1" covered="0"/><counter type="METHOD" missed="1" covered="0"/></method><method name="requestOrientation" desc="(Landroid/app/Activity;I)Z" line="292"><counter type="INSTRUCTION" missed="21" covered="0"/><counter type="BRANCH" missed="5" covered="0"/><counter type="LINE" missed="6" covered="0"/><counter type="COMPLEXITY" missed="4" covered="0"/><counter type="METHOD" missed="1" covered="0"/></method><method name="getRequestedOrientation" desc="(Landroid/app/Activity;)I" line="311"><counter type="INSTRUCTION" missed="3" covered="0"/><counter type="LINE" missed="1" covered="0"/><counter type="COMPLEXITY" missed="1" covered="0"/><counter type="METHOD" missed="1" covered="0"/></method><method name="getDisplay" desc="()Landroid/view/Display;" line="319"><counter type="INSTRUCTION" missed="4" covered="0"/><counter type="LINE" missed="1" covered="0"/><counter type="COMPLEXITY" missed="1" covered="0"/><counter type="METHOD" missed="1" covered="0"/></method><method name="getWidth" desc="()I" line="328"><counter type="INSTRUCTION" missed="3" covered="0"/><counter type="LINE" missed="1" covered="0"/><counter type="COMPLEXITY" missed="1" covered="0"/><counter type="METHOD" missed="1" covered="0"/></method><method name="getHeight" desc="()I" line="337"><counter type="INSTRUCTION" missed="3" covered="0"/><counter type="LINE" missed="1" covered="0"/><counter type="COMPLEXITY" missed="1" covered="0"/><counter type="METHOD" missed="1" covered="0"/></method><method name="getCurrentWidth" desc="()I" line="346"><counter type="INSTRUCTION" missed="5" covered="0"/><counter type="LINE" missed="2" covered="0"/><counter type="COMPLEXITY" missed="1" covered="0"/><counter type="METHOD" missed="1" covered="0"/></method><method name="getCurrentHeight" desc="()I" line="356"><counter type="INSTRUCTION" missed="5" covered="0"/><counter type="LINE" missed="2" covered="0"/><counter type="COMPLEXITY" missed="1" covered="0"/><counter type="METHOD" missed="1" covered="0"/></method><method name="getMetrics" desc="()Landroid/util/DisplayMetrics;" line="365"><counter type="INSTRUCTION" missed="5" covered="0"/><counter type="LINE" missed="2" covered="0"/><counter type="COMPLEXITY" missed="1" covered="0"/><counter type="METHOD" missed="1" covered="0"/></method><method name="getDensity" desc="()Luniversum/studios/android/device/screen/Screen$ScreenDensity;" line="374"><counter type="INSTRUCTION" missed="3" covered="0"/><counter type="LINE" missed="1" covered="0"/><counter type="COMPLEXITY" missed="1" covered="0"/><counter type="METHOD" missed="1" covered="0"/></method><method name="getRawDensity" desc="()I" line="381"><counter type="INSTRUCTION" missed="3" covered="0"/><counter type="LINE" missed="1" covered="0"/><counter type="COMPLEXITY" missed="1" covered="0"/><counter type="METHOD" missed="1" covered="0"/></method><method name="getType" desc="()Luniversum/studios/android/device/screen/Screen$ScreenType;" line="389"><counter type="INSTRUCTION" missed="3" covered="0"/><counter type="LINE" missed="1" covered="0"/><counter type="COMPLEXITY" missed="1" covered="0"/><counter type="METHOD" missed="1" covered="0"/></method><method name="getCurrentOrientation" desc="()I" line="397"><counter type="INSTRUCTION" missed="5" covered="0"/><counter type="LINE" missed="2" covered="0"/><counter type="COMPLEXITY" missed="1" covered="0"/><counter type="METHOD" missed="1" covered="0"/></method><method name="getDefaultOrientation" desc="()I" line="406"><counter type="INSTRUCTION" missed="3" covered="0"/><counter type="LINE" missed="1" covered="0"/><counter type="COMPLEXITY" missed="1" covered="0"/><counter type="METHOD" missed="1" covered="0"/></method><method name="getCurrentRotation" desc="()Luniversum/studios/android/device/screen/Screen$ScreenRotation;" line="414"><counter type="INSTRUCTION" missed="5" covered="0"/><counter type="LINE" missed="2" covered="0"/><counter type="COMPLEXITY" missed="1" covered="0"/><counter type="METHOD" missed="1" covered="0"/></method><method name="getDiagonalDistanceInInches" desc="()F" line="423"><counter type="INSTRUCTION" missed="26" covered="0"/><counter type="LINE" missed="2" covered="0"/><counter type="COMPLEXITY" missed="1" covered="0"/><counter type="METHOD" missed="1" covered="0"/></method><method name="getDiagonalDistanceInPixels" desc="()I" line="435"><counter type="INSTRUCTION" missed="17" covered="0"/><counter type="LINE" missed="2" covered="0"/><counter type="COMPLEXITY" missed="1" covered="0"/><counter type="METHOD" missed="1" covered="0"/></method><method name="getRefreshRate" desc="()F" line="443"><counter type="INSTRUCTION" missed="4" covered="0"/><counter type="LINE" missed="1" covered="0"/><counter type="COMPLEXITY" missed="1" covered="0"/><counter type="METHOD" missed="1" covered="0"/></method><method name="getBrightness" desc="(Landroid/app/Activity;)I" line="451"><counter type="INSTRUCTION" missed="10" covered="0"/><counter type="LINE" missed="2" covered="0"/><counter type="COMPLEXITY" missed="1" covered="0"/><counter type="METHOD" missed="1" covered="0"/></method><method name="setBrightness" desc="(Landroid/app/Activity;I)V" line="460"><counter type="INSTRUCTION" missed="40" covered="0"/><counter type="BRANCH" missed="6" covered="0"/><counter type="LINE" missed="7" covered="0"/><counter type="COMPLEXITY" missed="4" covered="0"/><counter type="METHOD" missed="1" covered="0"/></method><method name="getSystemBrightness" desc="()I" line="475"><counter type="INSTRUCTION" missed="20" covered="0"/><counter type="LINE" missed="6" covered="0"/><counter type="COMPLEXITY" missed="1" covered="0"/><counter type="METHOD" missed="1" covered="0"/></method><method name="isOrientationLocked" desc="()Z" line="488"><counter type="INSTRUCTION" missed="3" covered="0"/><counter type="LINE" missed="1" covered="0"/><counter type="COMPLEXITY" missed="1" covered="0"/><counter type="METHOD" missed="1" covered="0"/></method><method name="pixelToDP" desc="(I)F" line="499"><counter type="INSTRUCTION" missed="9" covered="0"/><counter type="LINE" missed="1" covered="0"/><counter type="COMPLEXITY" missed="1" covered="0"/><counter type="METHOD" missed="1" covered="0"/></method><method name="dpToPixel" desc="(F)I" line="509"><counter type="INSTRUCTION" missed="9" covered="0"/><counter type="LINE" missed="1" covered="0"/><counter type="COMPLEXITY" missed="1" covered="0"/><counter type="METHOD" missed="1" covered="0"/></method><method name="getScreenDP" desc="()F" line="524"><counter type="INSTRUCTION" missed="6" covered="0"/><counter type="LINE" missed="1" covered="0"/><counter type="COMPLEXITY" missed="1" covered="0"/><counter type="METHOD" missed="1" covered="0"/></method><method name="refresh" desc="()V" line="532"><counter type="INSTRUCTION" missed="20" covered="0"/><counter type="BRANCH" missed="4" covered="0"/><counter type="LINE" missed="4" covered="0"/><counter type="COMPLEXITY" missed="3" covered="0"/><counter type="METHOD" missed="1" covered="0"/></method><method name="onRefresh" desc="()V" line="546"><counter type="INSTRUCTION" missed="54" covered="0"/><counter type="BRANCH" missed="9" covered="0"/><counter type="LINE" missed="19" covered="0"/><counter type="COMPLEXITY" missed="7" covered="0"/><counter type="METHOD" missed="1" covered="0"/></method><method name="&lt;clinit&gt;" desc="()V" line="66"><counter type="INSTRUCTION" missed="5" covered="0"/><counter type="LINE" missed="1" covered="0"/><counter type="COMPLEXITY" missed="1" covered="0"/><counter type="METHOD" missed="1" covered="0"/></method><counter type="INSTRUCTION" missed="535" covered="0"/><counter type="BRANCH" missed="61" covered="0"/><counter type="LINE" missed="128" covered="0"/><counter type="COMPLEXITY" missed="68" covered="0"/><counter type="METHOD" missed="33" covered="0"/><counter type="CLASS" missed="1" covered="0"/></class><class name="universum/studios/android/device/screen/Screen$ScreenType"><method name="values" desc="()[Luniversum/studios/android/device/screen/Screen$ScreenType;" line="305"><counter type="INSTRUCTION" missed="4" covered="0"/><counter type="LINE" missed="1" covered="0"/><counter type="COMPLEXITY" missed="1" covered="0"/><counter type="METHOD" missed="1" covered="0"/></method><method name="valueOf" desc="(Ljava/lang/String;)Luniversum/studios/android/device/screen/Screen$ScreenType;" line="305"><counter type="INSTRUCTION" missed="5" covered="0"/><counter type="LINE" missed="1" covered="0"/><counter type="COMPLEXITY" missed="1" covered="0"/><counter type="METHOD" missed="1" covered="0"/></method><method name="&lt;init&gt;" desc="(Ljava/lang/String;IFF)V" line="367"><counter type="INSTRUCTION" missed="11" covered="0"/><counter type="LINE" missed="4" covered="0"/><counter type="COMPLEXITY" missed="1" covered="0"/><counter type="METHOD" missed="1" covered="0"/></method><method name="resolve" desc="(FF)Luniversum/studios/android/device/screen/Screen$ScreenType;" line="383"><counter type="INSTRUCTION" missed="30" covered="0"/><counter type="BRANCH" missed="6" covered="0"/><counter type="LINE" missed="3" covered="0"/><counter type="COMPLEXITY" missed="4" covered="0"/><counter type="METHOD" missed="1" covered="0"/></method><method name="&lt;clinit&gt;" desc="()V" line="305"><counter type="INSTRUCTION" missed="87" covered="0"/><counter type="LINE" missed="7" covered="0"/><counter type="COMPLEXITY" missed="1" covered="0"/><counter type="METHOD" missed="1" covered="0"/></method><counter type="INSTRUCTION" missed="137" covered="0"/><counter type="BRANCH" missed="6" covered="0"/><counter type="LINE" missed="14" covered="0"/><counter type="COMPLEXITY" missed="8" covered="0"/><counter type="METHOD" missed="5" covered="0"/><counter type="CLASS" missed="1" covered="0"/></class><sourcefile name="ScreenImpl.java"><line nr="66" mi="5" ci="0" mb="0" cb="0"/><line nr="81" mi="5" ci="0" mb="0" cb="0"/><line nr="126" mi="3" ci="0" mb="0" cb="0"/><line nr="131" mi="3" ci="0" mb="0" cb="0"/><line nr="158" mi="2" ci="0" mb="0" cb="0"/><line nr="159" mi="3" ci="0" mb="0" cb="0"/><line nr="160" mi="6" ci="0" mb="0" cb="0"/><line nr="161" mi="2" ci="0" mb="0" cb="0"/><line nr="163" mi="39" ci="0" mb="3" cb="0"/><line nr="166" mi="3" ci="0" mb="3" cb="0"/><line nr="169" mi="3" ci="0" mb="0" cb="0"/><line nr="170" mi="1" ci="0" mb="0" cb="0"/><line nr="173" mi="3" ci="0" mb="0" cb="0"/><line nr="174" mi="1" ci="0" mb="0" cb="0"/><line nr="176" mi="3" ci="0" mb="0" cb="0"/><line nr="177" mi="1" ci="0" mb="0" cb="0"/><line nr="182" mi="3" ci="0" mb="3" cb="0"/><line nr="185" mi="3" ci="0" mb="0" cb="0"/><line nr="186" mi="1" ci="0" mb="0" cb="0"/><line nr="189" mi="3" ci="0" mb="0" cb="0"/><line nr="190" mi="1" ci="0" mb="0" cb="0"/><line nr="192" mi="3" ci="0" mb="0" cb="0"/><line nr="193" mi="1" ci="0" mb="0" cb="0"/><line nr="197" mi="3" ci="0" mb="0" cb="0"/><line nr="200" mi="10" ci="0" mb="0" cb="0"/><line nr="203" mi="3" ci="0" mb="3" cb="0"/><line nr="206" mi="6" ci="0" mb="0" cb="0"/><line nr="207" mi="6" ci="0" mb="0" cb="0"/><line nr="208" mi="1" ci="0" mb="0" cb="0"/><line nr="211" mi="6" ci="0" mb="0" cb="0"/><line nr="212" mi="6" ci="0" mb="0" cb="0"/><line nr="213" mi="1" ci="0" mb="0" cb="0"/><line nr="216" mi="6" ci="0" mb="0" cb="0"/><line nr="217" mi="6" ci="0" mb="0" cb="0"/><line nr="220" mi="5" ci="0" mb="0" cb="0"/><line nr="223" mi="3" ci="0" mb="3" cb="0"/><line nr="225" mi="12" ci="0" mb="4" cb="0"/><line nr="226" mi="1" ci="0" mb="0" cb="0"/><line nr="228" mi="11" ci="0" mb="4" cb="0"/><line nr="229" mi="1" ci="0" mb="0" cb="0"/><line nr="231" mi="2" ci="0" mb="0" cb="0"/><line nr="235" mi="5" ci="0" mb="0" cb="0"/><line nr="236" mi="5" ci="0" mb="0" cb="0"/><line nr="237" mi="9" ci="0" mb="2" cb="0"/><line nr="238" mi="9" ci="0" mb="2" cb="0"/><line nr="239" mi="1" ci="0" mb="0" cb="0"/><line nr="249" mi="4" ci="0" mb="0" cb="0"/><line nr="250" mi="8" ci="0" mb="2" cb="0"/><line nr="251" mi="8" ci="0" mb="0" cb="0"/><line nr="252" mi="2" ci="0" mb="0" cb="0"/><line nr="260" mi="6" ci="0" mb="0" cb="0"/><line nr="261" mi="9" ci="0" mb="4" cb="0"/><line nr="269" mi="6" ci="0" mb="0" cb="0"/><line nr="270" mi="9" ci="0" mb="4" cb="0"/><line nr="277" mi="5" ci="0" mb="0" cb="0"/><line nr="284" mi="5" ci="0" mb="0" cb="0"/><line nr="285" mi="1" ci="0" mb="0" cb="0"/><line nr="292" mi="2" ci="0" mb="3" cb="0"/><line nr="294" mi="4" ci="0" mb="0" cb="0"/><line nr="295" mi="1" ci="0" mb="0" cb="0"/><line nr="297" mi="1" ci="0" mb="0" cb="0"/><line nr="299" mi="3" ci="0" mb="0" cb="0"/><line nr="302" mi="10" ci="0" mb="2" cb="0"/><line nr="311" mi="3" ci="0" mb="0" cb="0"/><line nr="319" mi="4" ci="0" mb="0" cb="0"/><line nr="328" mi="3" ci="0" mb="0" cb="0"/><line nr="337" mi="3" ci="0" mb="0" cb="0"/><line nr="346" mi="2" ci="0" mb="0" cb="0"/><line nr="347" mi="3" ci="0" mb="0" cb="0"/><line nr="356" mi="2" ci="0" mb="0" cb="0"/><line nr="357" mi="3" ci="0" mb="0" cb="0"/><line nr="365" mi="2" ci="0" mb="0" cb="0"/><line nr="366" mi="3" ci="0" mb="0" cb="0"/><line nr="374" mi="3" ci="0" mb="0" cb="0"/><line nr="381" mi="3" ci="0" mb="0" cb="0"/><line nr="389" mi="3" ci="0" mb="0" cb="0"/><line nr="397" mi="2" ci="0" mb="0" cb="0"/><line nr="398" mi="3" ci="0" mb="0" cb="0"/><line nr="406" mi="3" ci="0" mb="0" cb="0"/><line nr="414" mi="2" ci="0" mb="0" cb="0"/><line nr="415" mi="3" ci="0" mb="0" cb="0"/><line nr="423" mi="2" ci="0" mb="0" cb="0"/><line nr="425" mi="24" ci="0" mb="0" cb="0"/><line nr="435" mi="2" ci="0" mb="0" cb="0"/><line nr="436" mi="15" ci="0" mb="0" cb="0"/><line nr="443" mi="4" ci="0" mb="0" cb="0"/><line nr="451" mi="3" ci="0" mb="0" cb="0"/><line nr="453" mi="7" ci="0" mb="0" cb="0"/><line nr="460" mi="5" ci="0" mb="4" cb="0"/><line nr="461" mi="14" ci="0" mb="0" cb="0"/><line nr="464" mi="3" ci="0" mb="0" cb="0"/><line nr="465" mi="3" ci="0" mb="0" cb="0"/><line nr="466" mi="11" ci="0" mb="2" cb="0"/><line nr="468" mi="3" ci="0" mb="0" cb="0"/><line nr="469" mi="1" ci="0" mb="0" cb="0"/><line nr="475" mi="2" ci="0" mb="0" cb="0"/><line nr="477" mi="7" ci="0" mb="0" cb="0"/><line nr="478" mi="1" ci="0" mb="0" cb="0"/><line nr="479" mi="2" ci="0" mb="0" cb="0"/><line nr="480" mi="1" ci="0" mb="0" cb="0"/><line nr="481" mi="7" ci="0" mb="0" cb="0"/><line nr="488" mi="3" ci="0" mb="0" cb="0"/><line nr="499" mi="9" ci="0" mb="0" cb="0"/><line nr="509" mi="9" ci="0" mb="0" cb="0"/><line nr="524" mi="6" ci="0" mb="0" cb="0"/><line nr="532" mi="5" ci="0" mb="0" cb="0"/><line nr="535" mi="12" ci="0" mb="4" cb="0"/><line nr="536" mi="2" ci="0" mb="0" cb="0"/><line nr="538" mi="1" ci="0" mb="0" cb="0"/><line nr="546" mi="2" ci="0" mb="0" cb="0"/><line nr="547" mi="6" ci="0" mb="0" cb="0"/><line nr="548" mi="6" ci="0" mb="3" cb="0"/><line nr="551" mi="6" ci="0" mb="3" cb="0"/><line nr="556" mi="2" ci="0" mb="0" cb="0"/><line nr="557" mi="1" ci="0" mb="0" cb="0"/><line nr="562" mi="2" ci="0" mb="0" cb="0"/><line nr="563" mi="1" ci="0" mb="0" cb="0"/><line nr="566" mi="1" ci="0" mb="0" cb="0"/><line nr="571" mi="6" ci="0" mb="3" cb="0"/><line nr="576" mi="2" ci="0" mb="0" cb="0"/><line nr="577" mi="1" ci="0" mb="0" cb="0"/><line nr="582" mi="2" ci="0" mb="0" cb="0"/><line nr="583" mi="1" ci="0" mb="0" cb="0"/><line nr="586" mi="1" ci="0" mb="0" cb="0"/><line nr="594" mi="3" ci="0" mb="0" cb="0"/><line nr="596" mi="5" ci="0" mb="0" cb="0"/><line nr="597" mi="5" ci="0" mb="0" cb="0"/><line nr="598" mi="1" ci="0" mb="0" cb="0"/><counter type="INSTRUCTION" missed="568" covered="0"/><counter type="BRANCH" missed="61" covered="0"/><counter type="LINE" missed="128" covered="0"/><counter type="COMPLEXITY" missed="69" covered="0"/><counter type="METHOD" missed="34" covered="0"/><counter type="CLASS" missed="2" covered="0"/></sourcefile><sourcefile name="Screen.java"><line nr="102" mi="8" ci="0" mb="0" cb="0"/><line nr="109" mi="3" ci="0" mb="0" cb="0"/><line nr="202" mi="41" ci="0" mb="0" cb="0"/><line nr="208" mi="8" ci="0" mb="0" cb="0"/><line nr="216" mi="8" ci="0" mb="0" cb="0"/><line nr="224" mi="8" ci="0" mb="0" cb="0"/><line nr="232" mi="8" ci="0" mb="0" cb="0"/><line nr="240" mi="8" ci="0" mb="0" cb="0"/><line nr="248" mi="8" ci="0" mb="0" cb="0"/><line nr="256" mi="8" ci="0" mb="0" cb="0"/><line nr="278" mi="4" ci="0" mb="0" cb="0"/><line nr="279" mi="3" ci="0" mb="0" cb="0"/><line nr="280" mi="3" ci="0" mb="0" cb="0"/><line nr="281" mi="1" ci="0" mb="0" cb="0"/><line nr="292" mi="16" ci="0" mb="2" cb="0"/><line nr="293" mi="16" ci="0" mb="4" cb="0"/><line nr="295" mi="2" ci="0" mb="0" cb="0"/><line nr="305" mi="32" ci="0" mb="0" cb="0"/><line nr="311" mi="8" ci="0" mb="0" cb="0"/><line nr="320" mi="8" ci="0" mb="0" cb="0"/><line nr="329" mi="8" ci="0" mb="0" cb="0"/><line nr="338" mi="8" ci="0" mb="0" cb="0"/><line nr="347" mi="8" ci="0" mb="0" cb="0"/><line nr="352" mi="24" ci="0" mb="0" cb="0"/><line nr="367" mi="4" ci="0" mb="0" cb="0"/><line nr="368" mi="3" ci="0" mb="0" cb="0"/><line nr="369" mi="3" ci="0" mb="0" cb="0"/><line nr="370" mi="1" ci="0" mb="0" cb="0"/><line nr="383" mi="16" ci="0" mb="2" cb="0"/><line nr="384" mi="12" ci="0" mb="4" cb="0"/><line nr="386" mi="2" ci="0" mb="0" cb="0"/><line nr="398" mi="33" ci="0" mb="0" cb="0"/><line nr="404" mi="8" ci="0" mb="0" cb="0"/><line nr="413" mi="8" ci="0" mb="0" cb="0"/><line nr="422" mi="8" ci="0" mb="0" cb="0"/><line nr="431" mi="8" ci="0" mb="0" cb="0"/><line nr="440" mi="8" ci="0" mb="0" cb="0"/><line nr="458" mi="4" ci="0" mb="0" cb="0"/><line nr="459" mi="3" ci="0" mb="0" cb="0"/><line nr="460" mi="3" ci="0" mb="0" cb="0"/><line nr="461" mi="1" ci="0" mb="0" cb="0"/><line nr="474" mi="16" ci="0" mb="2" cb="0"/><line nr="475" mi="6" ci="0" mb="2" cb="0"/><line nr="477" mi="2" ci="0" mb="0" cb="0"/><counter type="INSTRUCTION" missed="398" covered="0"/><counter type="BRANCH" missed="16" covered="0"/><counter type="LINE" missed="44" covered="0"/><counter type="COMPLEXITY" missed="26" covered="0"/><counter type="METHOD" missed="18" covered="0"/><counter type="CLASS" missed="5" covered="0"/></sourcefile><sourcefile name="ScreenUtils.java"><line nr="36" mi="2" ci="0" mb="0" cb="0"/><line nr="38" mi="1" ci="0" mb="0" cb="0"/><line nr="51" mi="4" ci="0" mb="0" cb="0"/><line nr="52" mi="9" ci="0" mb="4" cb="0"/><line nr="63" mi="6" ci="0" mb="4" cb="0"/><line nr="64" mi="2" ci="0" mb="0" cb="0"/><line nr="66" mi="6" ci="0" mb="0" cb="0"/><line nr="67" mi="6" ci="0" mb="0" cb="0"/><line nr="80" mi="4" ci="0" mb="0" cb="0"/><line nr="81" mi="9" ci="0" mb="4" cb="0"/><line nr="92" mi="3" ci="0" mb="2" cb="0"/><line nr="93" mi="2" ci="0" mb="0" cb="0"/><line nr="95" mi="6" ci="0" mb="4" cb="0"/><line nr="96" mi="6" ci="0" mb="0" cb="0"/><line nr="97" mi="5" ci="0" mb="0" cb="0"/><line nr="99" mi="2" ci="0" mb="0" cb="0"/><counter type="INSTRUCTION" missed="73" covered="0"/><counter type="BRANCH" missed="18" covered="0"/><counter type="LINE" missed="16" covered="0"/><counter type="COMPLEXITY" missed="14" covered="0"/><counter type="METHOD" missed="5" covered="0"/><counter type="CLASS" missed="1" covered="0"/></sourcefile><counter type="INSTRUCTION" missed="1039" covered="0"/><counter type="BRANCH" missed="95" covered="0"/><counter type="LINE" missed="188" covered="0"/><counter type="COMPLEXITY" missed="109" covered="0"/><counter type="METHOD" missed="57" covered="0"/><counter type="CLASS" missed="8" covered="0"/></package><package name="universum/studios/android/device/storage"><class name="universum/studios/android/device/storage/StorageImpl"><method name="&lt;init&gt;" desc="(Landroid/content/Context;)V" line="93"><counter type="INSTRUCTION" missed="37" covered="0"/><counter type="LINE" missed="9" covered="0"/><counter type="COMPLEXITY" missed="1" covered="0"/><counter type="METHOD" missed="1" covered="0"/></method><method name="getInstance" desc="(Landroid/content/Context;)Luniversum/studios/android/device/storage/StorageImpl;" line="160"><counter type="INSTRUCTION" missed="22" covered="0"/><counter type="BRANCH" missed="2" covered="0"/><counter type="LINE" missed="4" covered="0"/><counter type="COMPLEXITY" missed="2" covered="0"/><counter type="METHOD" missed="1" covered="0"/></method><method name="createFile" desc="(Ljava/lang/String;)Luniversum/studios/android/device/storage/Storage$Result;" line="171"><counter type="INSTRUCTION" missed="5" covered="0"/><counter type="LINE" missed="1" covered="0"/><counter type="COMPLEXITY" missed="1" covered="0"/><counter type="METHOD" missed="1" covered="0"/></method><method name="createFile" desc="(ILjava/lang/String;)Luniversum/studios/android/device/storage/Storage$Result;" line="179"><counter type="INSTRUCTION" missed="21" covered="0"/><counter type="BRANCH" missed="2" covered="0"/><counter type="LINE" missed="3" covered="0"/><counter type="COMPLEXITY" missed="2" covered="0"/><counter type="METHOD" missed="1" covered="0"/></method><method name="createFiles" desc="([Ljava/lang/String;)Luniversum/studios/android/device/storage/Storage$Results;" line="196"><counter type="INSTRUCTION" missed="5" covered="0"/><counter type="LINE" missed="1" covered="0"/><counter type="COMPLEXITY" missed="1" covered="0"/><counter type="METHOD" missed="1" covered="0"/></method><method name="createFiles" desc="(I[Ljava/lang/String;)Luniversum/studios/android/device/storage/Storage$Results;" line="204"><counter type="INSTRUCTION" missed="8" covered="0"/><counter type="LINE" missed="1" covered="0"/><counter type="COMPLEXITY" missed="1" covered="0"/><counter type="METHOD" missed="1" covered="0"/></method><method name="createDirectory" desc="(Ljava/lang/String;)Luniversum/studios/android/device/storage/Storage$Result;" line="212"><counter type="INSTRUCTION" missed="5" covered="0"/><counter type="LINE" missed="1" covered="0"/><counter type="COMPLEXITY" missed="1" covered="0"/><counter type="METHOD" missed="1" covered="0"/></method><method name="createDirectory" desc="(ILjava/lang/String;)Luniversum/studios/android/device/storage/Storage$Result;" line="220"><counter type="INSTRUCTION" missed="23" covered="0"/><counter type="BRANCH" missed="2" covered="0"/><counter type="LINE" missed="3" covered="0"/><counter type="COMPLEXITY" missed="2" covered="0"/><counter type="METHOD" missed="1" covered="0"/></method><method name="createDirectories" desc="([Ljava/lang/String;)Luniversum/studios/android/device/storage/Storage$Results;" line="237"><counter type="INSTRUCTION" missed="5" covered="0"/><counter type="LINE" missed="1" covered="0"/><counter type="COMPLEXITY" missed="1" covered="0"/><counter type="METHOD" missed="1" covered="0"/></method><method name="createDirectories" desc="(I[Ljava/lang/String;)Luniversum/studios/android/device/storage/Storage$Results;" line="245"><counter type="INSTRUCTION" missed="10" covered="0"/><counter type="LINE" missed="1" covered="0"/><counter type="COMPLEXITY" missed="1" covered="0"/><counter type="METHOD" missed="1" covered="0"/></method><method name="deleteFile" desc="(Ljava/lang/String;)Luniversum/studios/android/device/storage/Storage$Result;" line="253"><counter type="INSTRUCTION" missed="5" covered="0"/><counter type="LINE" missed="1" covered="0"/><counter type="COMPLEXITY" missed="1" covered="0"/><counter type="METHOD" missed="1" covered="0"/></method><method name="deleteFile" desc="(ILjava/lang/String;)Luniversum/studios/android/device/storage/Storage$Result;" line="261"><counter type="INSTRUCTION" missed="8" covered="0"/><counter type="LINE" missed="1" covered="0"/><counter type="COMPLEXITY" missed="1" covered="0"/><counter type="METHOD" missed="1" covered="0"/></method><method name="deleteFiles" desc="([Ljava/lang/String;)Luniversum/studios/android/device/storage/Storage$Results;" line="269"><counter type="INSTRUCTION" missed="5" covered="0"/><counter type="LINE" missed="1" covered="0"/><counter type="COMPLEXITY" missed="1" covered="0"/><counter type="METHOD" missed="1" covered="0"/></method><method name="deleteFiles" desc="(I[Ljava/lang/String;)Luniversum/studios/android/device/storage/Storage$Results;" line="277"><counter type="INSTRUCTION" missed="8" covered="0"/><counter type="LINE" missed="1" covered="0"/><counter type="COMPLEXITY" missed="1" covered="0"/><counter type="METHOD" missed="1" covered="0"/></method><method name="deleteDirectory" desc="(Ljava/lang/String;)Luniversum/studios/android/device/storage/Storage$Result;" line="285"><counter type="INSTRUCTION" missed="5" covered="0"/><counter type="LINE" missed="1" covered="0"/><counter type="COMPLEXITY" missed="1" covered="0"/><counter type="METHOD" missed="1" covered="0"/></method><method name="deleteDirectory" desc="(ILjava/lang/String;)Luniversum/studios/android/device/storage/Storage$Result;" line="293"><counter type="INSTRUCTION" missed="7" covered="0"/><counter type="LINE" missed="1" covered="0"/><counter type="COMPLEXITY" missed="1" covered="0"/><counter type="METHOD" missed="1" covered="0"/></method><method name="deleteDirectory" desc="(ILjava/io/FileFilter;Ljava/io/FilenameFilter;Ljava/lang/String;)Luniversum/studios/android/device/storage/Storage$Result;" line="301"><counter type="INSTRUCTION" missed="10" covered="0"/><counter type="LINE" missed="1" covered="0"/><counter type="COMPLEXITY" missed="1" covered="0"/><counter type="METHOD" missed="1" covered="0"/></method><method name="deleteDirectories" desc="([Ljava/lang/String;)Luniversum/studios/android/device/storage/Storage$Results;" line="309"><counter type="INSTRUCTION" missed="5" covered="0"/><counter type="LINE" missed="1" covered="0"/><counter type="COMPLEXITY" missed="1" covered="0"/><counter type="METHOD" missed="1" covered="0"/></method><method name="deleteDirectories" desc="(I[Ljava/lang/String;)Luniversum/studios/android/device/storage/Storage$Results;" line="317"><counter type="INSTRUCTION" missed="7" covered="0"/><counter type="LINE" missed="1" covered="0"/><counter type="COMPLEXITY" missed="1" covered="0"/><counter type="METHOD" missed="1" covered="0"/></method><method name="deleteDirectories" desc="(ILjava/io/FileFilter;Ljava/io/FilenameFilter;[Ljava/lang/String;)Luniversum/studios/android/device/storage/Storage$Results;" line="325"><counter type="INSTRUCTION" missed="10" covered="0"/><counter type="LINE" missed="1" covered="0"/><counter type="COMPLEXITY" missed="1" covered="0"/><counter type="METHOD" missed="1" covered="0"/></method><method name="deleteFileOrDirectory" desc="(Ljava/lang/String;)Luniversum/studios/android/device/storage/Storage$Result;" line="333"><counter type="INSTRUCTION" missed="5" covered="0"/><counter type="LINE" missed="1" covered="0"/><counter type="COMPLEXITY" missed="1" covered="0"/><counter type="METHOD" missed="1" covered="0"/></method><method name="deleteFileOrDirectory" desc="(ILjava/lang/String;)Luniversum/studios/android/device/storage/Storage$Result;" line="341"><counter type="INSTRUCTION" missed="7" covered="0"/><counter type="LINE" missed="1" covered="0"/><counter type="COMPLEXITY" missed="1" covered="0"/><counter type="METHOD" missed="1" covered="0"/></method><method name="deleteFileOrDirectory" desc="(ILjava/io/FileFilter;Ljava/io/FilenameFilter;Ljava/lang/String;)Luniversum/studios/android/device/storage/Storage$Result;" line="349"><counter type="INSTRUCTION" missed="10" covered="0"/><counter type="LINE" missed="1" covered="0"/><counter type="COMPLEXITY" missed="1" covered="0"/><counter type="METHOD" missed="1" covered="0"/></method><method name="deleteFilesOrDirectories" desc="([Ljava/lang/String;)Luniversum/studios/android/device/storage/Storage$Results;" line="357"><counter type="INSTRUCTION" missed="5" covered="0"/><counter type="LINE" missed="1" covered="0"/><counter type="COMPLEXITY" missed="1" covered="0"/><counter type="METHOD" missed="1" covered="0"/></method><method name="deleteFilesOrDirectories" desc="(I[Ljava/lang/String;)Luniversum/studios/android/device/storage/Storage$Results;" line="365"><counter type="INSTRUCTION" missed="7" covered="0"/><counter type="LINE" missed="1" covered="0"/><counter type="COMPLEXITY" missed="1" covered="0"/><counter type="METHOD" missed="1" covered="0"/></method><method name="deleteFilesOrDirectories" desc="(ILjava/io/FileFilter;Ljava/io/FilenameFilter;[Ljava/lang/String;)Luniversum/studios/android/device/storage/Storage$Results;" line="373"><counter type="INSTRUCTION" missed="10" covered="0"/><counter type="LINE" missed="1" covered="0"/><counter type="COMPLEXITY" missed="1" covered="0"/><counter type="METHOD" missed="1" covered="0"/></method><method name="copyFile" desc="(ILjava/lang/String;Ljava/lang/String;)Luniversum/studios/android/device/storage/Storage$Result;" line="381"><counter type="INSTRUCTION" missed="7" covered="0"/><counter type="LINE" missed="1" covered="0"/><counter type="COMPLEXITY" missed="1" covered="0"/><counter type="METHOD" missed="1" covered="0"/></method><method name="copyFile" desc="(IILjava/lang/String;Ljava/lang/String;)Luniversum/studios/android/device/storage/Storage$Result;" line="389"><counter type="INSTRUCTION" missed="8" covered="0"/><counter type="LINE" missed="1" covered="0"/><counter type="COMPLEXITY" missed="1" covered="0"/><counter type="METHOD" missed="1" covered="0"/></method><method name="copyFiles" desc="(ILjava/lang/String;[Ljava/lang/String;)Luniversum/studios/android/device/storage/Storage$Results;" line="397"><counter type="INSTRUCTION" missed="7" covered="0"/><counter type="LINE" missed="1" covered="0"/><counter type="COMPLEXITY" missed="1" covered="0"/><counter type="METHOD" missed="1" covered="0"/></method><method name="copyFiles" desc="(IILjava/lang/String;[Ljava/lang/String;)Luniversum/studios/android/device/storage/Storage$Results;" line="405"><counter type="INSTRUCTION" missed="8" covered="0"/><counter type="LINE" missed="1" covered="0"/><counter type="COMPLEXITY" missed="1" covered="0"/><counter type="METHOD" missed="1" covered="0"/></method><method name="copyDirectory" desc="(ILjava/lang/String;Ljava/lang/String;)Luniversum/studios/android/device/storage/Storage$Result;" line="413"><counter type="INSTRUCTION" missed="7" covered="0"/><counter type="LINE" missed="1" covered="0"/><counter type="COMPLEXITY" missed="1" covered="0"/><counter type="METHOD" missed="1" covered="0"/></method><method name="copyDirectory" desc="(IILjava/lang/String;Ljava/lang/String;)Luniversum/studios/android/device/storage/Storage$Result;" line="421"><counter type="INSTRUCTION" missed="9" covered="0"/><counter type="LINE" missed="1" covered="0"/><counter type="COMPLEXITY" missed="1" covered="0"/><counter type="METHOD" missed="1" covered="0"/></method><method name="copyDirectory" desc="(IILjava/io/FileFilter;Ljava/io/FilenameFilter;Ljava/lang/String;Ljava/lang/String;)Luniversum/studios/android/device/storage/Storage$Result;" line="429"><counter type="INSTRUCTION" missed="10" covered="0"/><counter type="LINE" missed="1" covered="0"/><counter type="COMPLEXITY" missed="1" covered="0"/><counter type="METHOD" missed="1" covered="0"/></method><method name="copyDirectories" desc="(ILjava/lang/String;[Ljava/lang/String;)Luniversum/studios/android/device/storage/Storage$Results;" line="437"><counter type="INSTRUCTION" missed="7" covered="0"/><counter type="LINE" missed="1" covered="0"/><counter type="COMPLEXITY" missed="1" covered="0"/><counter type="METHOD" missed="1" covered="0"/></method><method name="copyDirectories" desc="(IILjava/lang/String;[Ljava/lang/String;)Luniversum/studios/android/device/storage/Storage$Results;" line="445"><counter type="INSTRUCTION" missed="9" covered="0"/><counter type="LINE" missed="1" covered="0"/><counter type="COMPLEXITY" missed="1" covered="0"/><counter type="METHOD" missed="1" covered="0"/></method><method name="copyDirectories" desc="(IILjava/io/FileFilter;Ljava/io/FilenameFilter;Ljava/lang/String;[Ljava/lang/String;)Luniversum/studios/android/device/storage/Storage$Results;" line="453"><counter type="INSTRUCTION" missed="10" covered="0"/><counter type="LINE" missed="1" covered="0"/><counter type="COMPLEXITY" missed="1" covered="0"/><counter type="METHOD" missed="1" covered="0"/></method><method name="copyFileOrDirectory" desc="(ILjava/lang/String;Ljava/lang/String;)Luniversum/studios/android/device/storage/Storage$Result;" line="461"><counter type="INSTRUCTION" missed="7" covered="0"/><counter type="LINE" missed="1" covered="0"/><counter type="COMPLEXITY" missed="1" covered="0"/><counter type="METHOD" missed="1" covered="0"/></method><method name="copyFileOrDirectory" desc="(IILjava/lang/String;Ljava/lang/String;)Luniversum/studios/android/device/storage/Storage$Result;" line="469"><counter type="INSTRUCTION" missed="9" covered="0"/><counter type="LINE" missed="1" covered="0"/><counter type="COMPLEXITY" missed="1" covered="0"/><counter type="METHOD" missed="1" covered="0"/></method><method name="copyFileOrDirectory" desc="(IILjava/io/FileFilter;Ljava/io/FilenameFilter;Ljava/lang/String;Ljava/lang/String;)Luniversum/studios/android/device/storage/Storage$Result;" line="477"><counter type="INSTRUCTION" missed="10" covered="0"/><counter type="LINE" missed="1" covered="0"/><counter type="COMPLEXITY" missed="1" covered="0"/><counter type="METHOD" missed="1" covered="0"/></method><method name="copyFilesOrDirectories" desc="(ILjava/lang/String;[Ljava/lang/String;)Luniversum/studios/android/device/storage/Storage$Results;" line="485"><counter type="INSTRUCTION" missed="7" covered="0"/><counter type="LINE" missed="1" covered="0"/><counter type="COMPLEXITY" missed="1" covered="0"/><counter type="METHOD" missed="1" covered="0"/></method><method name="copyFilesOrDirectories" desc="(IILjava/lang/String;[Ljava/lang/String;)Luniversum/studios/android/device/storage/Storage$Results;" line="493"><counter type="INSTRUCTION" missed="9" covered="0"/><counter type="LINE" missed="1" covered="0"/><counter type="COMPLEXITY" missed="1" covered="0"/><counter type="METHOD" missed="1" covered="0"/></method><method name="copyFilesOrDirectories" desc="(IILjava/io/FileFilter;Ljava/io/FilenameFilter;Ljava/lang/String;[Ljava/lang/String;)Luniversum/studios/android/device/storage/Storage$Results;" line="501"><counter type="INSTRUCTION" missed="10" covered="0"/><counter type="LINE" missed="1" covered="0"/><counter type="COMPLEXITY" missed="1" covered="0"/><counter type="METHOD" missed="1" covered="0"/></method><method name="moveFile" desc="(ILjava/lang/String;Ljava/lang/String;)Luniversum/studios/android/device/storage/Storage$Result;" line="509"><counter type="INSTRUCTION" missed="7" covered="0"/><counter type="LINE" missed="1" covered="0"/><counter type="COMPLEXITY" missed="1" covered="0"/><counter type="METHOD" missed="1" covered="0"/></method><method name="moveFile" desc="(IILjava/lang/String;Ljava/lang/String;)Luniversum/studios/android/device/storage/Storage$Result;" line="517"><counter type="INSTRUCTION" missed="8" covered="0"/><counter type="LINE" missed="1" covered="0"/><counter type="COMPLEXITY" missed="1" covered="0"/><counter type="METHOD" missed="1" covered="0"/></method><method name="moveFiles" desc="(ILjava/lang/String;[Ljava/lang/String;)Luniversum/studios/android/device/storage/Storage$Results;" line="525"><counter type="INSTRUCTION" missed="7" covered="0"/><counter type="LINE" missed="1" covered="0"/><counter type="COMPLEXITY" missed="1" covered="0"/><counter type="METHOD" missed="1" covered="0"/></method><method name="moveFiles" desc="(IILjava/lang/String;[Ljava/lang/String;)Luniversum/studios/android/device/storage/Storage$Results;" line="533"><counter type="INSTRUCTION" missed="8" covered="0"/><counter type="LINE" missed="1" covered="0"/><counter type="COMPLEXITY" missed="1" covered="0"/><counter type="METHOD" missed="1" covered="0"/></method><method name="moveDirectory" desc="(ILjava/lang/String;Ljava/lang/String;)Luniversum/studios/android/device/storage/Storage$Result;" line="539"><counter type="INSTRUCTION" missed="7" covered="0"/><counter type="LINE" missed="1" covered="0"/><counter type="COMPLEXITY" missed="1" covered="0"/><counter type="METHOD" missed="1" covered="0"/></method><method name="moveDirectory" desc="(IILjava/lang/String;Ljava/lang/String;)Luniversum/studios/android/device/storage/Storage$Result;" line="547"><counter type="INSTRUCTION" missed="9" covered="0"/><counter type="LINE" missed="1" covered="0"/><counter type="COMPLEXITY" missed="1" covered="0"/><counter type="METHOD" missed="1" covered="0"/></method><method name="moveDirectory" desc="(IILjava/io/FileFilter;Ljava/io/FilenameFilter;Ljava/lang/String;Ljava/lang/String;)Luniversum/studios/android/device/storage/Storage$Result;" line="555"><counter type="INSTRUCTION" missed="10" covered="0"/><counter type="LINE" missed="1" covered="0"/><counter type="COMPLEXITY" missed="1" covered="0"/><counter type="METHOD" missed="1" covered="0"/></method><method name="moveDirectories" desc="(ILjava/lang/String;[Ljava/lang/String;)Luniversum/studios/android/device/storage/Storage$Results;" line="563"><counter type="INSTRUCTION" missed="7" covered="0"/><counter type="LINE" missed="1" covered="0"/><counter type="COMPLEXITY" missed="1" covered="0"/><counter type="METHOD" missed="1" covered="0"/></method><method name="moveDirectories" desc="(IILjava/lang/String;[Ljava/lang/String;)Luniversum/studios/android/device/storage/Storage$Results;" line="571"><counter type="INSTRUCTION" missed="9" covered="0"/><counter type="LINE" missed="1" covered="0"/><counter type="COMPLEXITY" missed="1" covered="0"/><counter type="METHOD" missed="1" covered="0"/></method><method name="moveDirectories" desc="(IILjava/io/FileFilter;Ljava/io/FilenameFilter;Ljava/lang/String;[Ljava/lang/String;)Luniversum/studios/android/device/storage/Storage$Results;" line="579"><counter type="INSTRUCTION" missed="10" covered="0"/><counter type="LINE" missed="1" covered="0"/><counter type="COMPLEXITY" missed="1" covered="0"/><counter type="METHOD" missed="1" covered="0"/></method><method name="moveFileOrDirectory" desc="(ILjava/lang/String;Ljava/lang/String;)Luniversum/studios/android/device/storage/Storage$Result;" line="585"><counter type="INSTRUCTION" missed="7" covered="0"/><counter type="LINE" missed="1" covered="0"/><counter type="COMPLEXITY" missed="1" covered="0"/><counter type="METHOD" missed="1" covered="0"/></method><method name="moveFileOrDirectory" desc="(IILjava/lang/String;Ljava/lang/String;)Luniversum/studios/android/device/storage/Storage$Result;" line="593"><counter type="INSTRUCTION" missed="9" covered="0"/><counter type="LINE" missed="1" covered="0"/><counter type="COMPLEXITY" missed="1" covered="0"/><counter type="METHOD" missed="1" covered="0"/></method><method name="moveFileOrDirectory" desc="(IILjava/io/FileFilter;Ljava/io/FilenameFilter;Ljava/lang/String;Ljava/lang/String;)Luniversum/studios/android/device/storage/Storage$Result;" line="601"><counter type="INSTRUCTION" missed="10" covered="0"/><counter type="LINE" missed="1" covered="0"/><counter type="COMPLEXITY" missed="1" covered="0"/><counter type="METHOD" missed="1" covered="0"/></method><method name="moveFilesOrDirectories" desc="(ILjava/lang/String;[Ljava/lang/String;)Luniversum/studios/android/device/storage/Storage$Results;" line="609"><counter type="INSTRUCTION" missed="7" covered="0"/><counter type="LINE" missed="1" covered="0"/><counter type="COMPLEXITY" missed="1" covered="0"/><counter type="METHOD" missed="1" covered="0"/></method><method name="moveFilesOrDirectories" desc="(IILjava/lang/String;[Ljava/lang/String;)Luniversum/studios/android/device/storage/Storage$Results;" line="617"><counter type="INSTRUCTION" missed="9" covered="0"/><counter type="LINE" missed="1" covered="0"/><counter type="COMPLEXITY" missed="1" covered="0"/><counter type="METHOD" missed="1" covered="0"/></method><method name="moveFilesOrDirectories" desc="(IILjava/io/FileFilter;Ljava/io/FilenameFilter;Ljava/lang/String;[Ljava/lang/String;)Luniversum/studios/android/device/storage/Storage$Results;" line="625"><counter type="INSTRUCTION" missed="10" covered="0"/><counter type="LINE" missed="1" covered="0"/><counter type="COMPLEXITY" missed="1" covered="0"/><counter type="METHOD" missed="1" covered="0"/></method><method name="changeFilePermissions" desc="(Ljava/lang/String;IZ)Z" line="632"><counter type="INSTRUCTION" missed="7" covered="0"/><counter type="LINE" missed="1" covered="0"/><counter type="COMPLEXITY" missed="1" covered="0"/><counter type="METHOD" missed="1" covered="0"/></method><method name="changeFilePermissions" desc="(ILjava/lang/String;IZ)Z" line="639"><counter type="INSTRUCTION" missed="65" covered="0"/><counter type="BRANCH" missed="16" covered="0"/><counter type="LINE" missed="8" covered="0"/><counter type="COMPLEXITY" missed="9" covered="0"/><counter type="METHOD" missed="1" covered="0"/></method><method name="hasFreeSpace" desc="(IJ)Z" line="655"><counter type="INSTRUCTION" missed="15" covered="0"/><counter type="BRANCH" missed="4" covered="0"/><counter type="LINE" missed="2" covered="0"/><counter type="COMPLEXITY" missed="3" covered="0"/><counter type="METHOD" missed="1" covered="0"/></method><method name="getFreeSpace" desc="(I)J" line="663"><counter type="INSTRUCTION" missed="11" covered="0"/><counter type="BRANCH" missed="2" covered="0"/><counter type="LINE" missed="2" covered="0"/><counter type="COMPLEXITY" missed="2" covered="0"/><counter type="METHOD" missed="1" covered="0"/></method><method name="isExternalReadOnly" desc="()Z" line="671"><counter type="INSTRUCTION" missed="4" covered="0"/><counter type="LINE" missed="1" covered="0"/><counter type="COMPLEXITY" missed="1" covered="0"/><counter type="METHOD" missed="1" covered="0"/></method><method name="isExternalMounted" desc="()Z" line="678"><counter type="INSTRUCTION" missed="4" covered="0"/><counter type="LINE" missed="1" covered="0"/><counter type="COMPLEXITY" missed="1" covered="0"/><counter type="METHOD" missed="1" covered="0"/></method><method name="isExternalAvailable" desc="()Z" line="685"><counter type="INSTRUCTION" missed="3" covered="0"/><counter type="LINE" missed="1" covered="0"/><counter type="COMPLEXITY" missed="1" covered="0"/><counter type="METHOD" missed="1" covered="0"/></method><method name="checkExternalAvailability" desc="()Z" line="701"><counter type="INSTRUCTION" missed="46" covered="0"/><counter type="BRANCH" missed="6" covered="0"/><counter type="LINE" missed="12" covered="0"/><counter type="COMPLEXITY" missed="4" covered="0"/><counter type="METHOD" missed="1" covered="0"/></method><method name="getStoragePath" desc="(I)Ljava/lang/String;" line="723"><counter type="INSTRUCTION" missed="15" covered="0"/><counter type="BRANCH" missed="4" covered="0"/><counter type="LINE" missed="4" covered="0"/><counter type="COMPLEXITY" missed="3" covered="0"/><counter type="METHOD" missed="1" covered="0"/></method><method name="getStorage" desc="(I)Ljava/io/File;" line="735"><counter type="INSTRUCTION" missed="35" covered="0"/><counter type="BRANCH" missed="11" covered="0"/><counter type="LINE" missed="12" covered="0"/><counter type="COMPLEXITY" missed="9" covered="0"/><counter type="METHOD" missed="1" covered="0"/></method><method name="ensureExternalPackageDir" desc="()Z" line="772"><counter type="INSTRUCTION" missed="80" covered="0"/><counter type="BRANCH" missed="14" covered="0"/><counter type="LINE" missed="12" covered="0"/><counter type="COMPLEXITY" missed="8" covered="0"/><counter type="METHOD" missed="1" covered="0"/></method><method name="getFile" desc="(ILjava/lang/String;)Ljava/io/File;" line="805"><counter type="INSTRUCTION" missed="5" covered="0"/><counter type="LINE" missed="1" covered="0"/><counter type="COMPLEXITY" missed="1" covered="0"/><counter type="METHOD" missed="1" covered="0"/></method><method name="getDirectoryContent" desc="(Ljava/lang/String;)Ljava/util/List;" line="813"><counter type="INSTRUCTION" missed="5" covered="0"/><counter type="LINE" missed="1" covered="0"/><counter type="COMPLEXITY" missed="1" covered="0"/><counter type="METHOD" missed="1" covered="0"/></method><method name="getDirectoryContent" desc="(ILjava/lang/String;)Ljava/util/List;" line="821"><counter type="INSTRUCTION" missed="7" covered="0"/><counter type="LINE" missed="1" covered="0"/><counter type="COMPLEXITY" missed="1" covered="0"/><counter type="METHOD" missed="1" covered="0"/></method><method name="getDirectoryContent" desc="(ILjava/io/FileFilter;Ljava/io/FilenameFilter;Ljava/lang/String;)Ljava/util/List;" line="830"><counter type="INSTRUCTION" missed="86" covered="0"/><counter type="BRANCH" missed="14" covered="0"/><counter type="LINE" missed="17" covered="0"/><counter type="COMPLEXITY" missed="8" covered="0"/><counter type="METHOD" missed="1" covered="0"/></method><method name="newFile" desc="(ILjava/lang/String;)Ljava/io/File;" line="869"><counter type="INSTRUCTION" missed="8" covered="0"/><counter type="LINE" missed="1" covered="0"/><counter type="COMPLEXITY" missed="1" covered="0"/><counter type="METHOD" missed="1" covered="0"/></method><method name="buildPath" desc="(ILjava/lang/String;)Ljava/lang/String;" line="880"><counter type="INSTRUCTION" missed="13" covered="0"/><counter type="LINE" missed="1" covered="0"/><counter type="COMPLEXITY" missed="1" covered="0"/><counter type="METHOD" missed="1" covered="0"/></method><method name="isArrayEmpty" desc="([Ljava/lang/Object;)Z" line="891"><counter type="INSTRUCTION" missed="9" covered="0"/><counter type="BRANCH" missed="4" covered="0"/><counter type="LINE" missed="1" covered="0"/><counter type="COMPLEXITY" missed="3" covered="0"/><counter type="METHOD" missed="1" covered="0"/></method><method name="getDirectoriesContent" desc="([Ljava/lang/String;)Ljava/util/List;" line="899"><counter type="INSTRUCTION" missed="5" covered="0"/><counter type="LINE" missed="1" covered="0"/><counter type="COMPLEXITY" missed="1" covered="0"/><counter type="METHOD" missed="1" covered="0"/></method><method name="getDirectoriesContent" desc="(I[Ljava/lang/String;)Ljava/util/List;" line="907"><counter type="INSTRUCTION" missed="7" covered="0"/><counter type="LINE" missed="1" covered="0"/><counter type="COMPLEXITY" missed="1" covered="0"/><counter type="METHOD" missed="1" covered="0"/></method><method name="getDirectoriesContent" desc="(ILjava/io/FileFilter;Ljava/io/FilenameFilter;[Ljava/lang/String;)Ljava/util/List;" line="915"><counter type="INSTRUCTION" missed="36" covered="0"/><counter type="BRANCH" missed="4" covered="0"/><counter type="LINE" missed="6" covered="0"/><counter type="COMPLEXITY" missed="3" covered="0"/><counter type="METHOD" missed="1" covered="0"/></method><method name="getStorageName" desc="(I)Ljava/lang/String;" line="932"><counter type="INSTRUCTION" missed="16" covered="0"/><counter type="BRANCH" missed="7" covered="0"/><counter type="LINE" missed="8" covered="0"/><counter type="COMPLEXITY" missed="7" covered="0"/><counter type="METHOD" missed="1" covered="0"/></method><method name="appendBasePath" desc="(ILjava/lang/String;)Ljava/lang/String;" line="959"><counter type="INSTRUCTION" missed="20" covered="0"/><counter type="BRANCH" missed="2" covered="0"/><counter type="LINE" missed="2" covered="0"/><counter type="COMPLEXITY" missed="2" covered="0"/><counter type="METHOD" missed="1" covered="0"/></method><method name="logMessage" desc="(Ljava/lang/String;Z)V" line="970"><counter type="INSTRUCTION" missed="14" covered="0"/><counter type="BRANCH" missed="4" covered="0"/><counter type="LINE" missed="3" covered="0"/><counter type="COMPLEXITY" missed="3" covered="0"/><counter type="METHOD" missed="1" covered="0"/></method><method name="&lt;clinit&gt;" desc="()V" line="65"><counter type="INSTRUCTION" missed="16" covered="0"/><counter type="LINE" missed="2" covered="0"/><counter type="COMPLEXITY" missed="1" covered="0"/><counter type="METHOD" missed="1" covered="0"/></method><counter type="INSTRUCTION" missed="1055" covered="0"/><counter type="BRANCH" missed="98" covered="0"/><counter type="LINE" missed="175" covered="0"/><counter type="COMPLEXITY" missed="137" covered="0"/><counter type="METHOD" missed="83" covered="0"/><counter type="CLASS" missed="1" covered="0"/></class><class name="universum/studios/android/device/storage/Storage$Unit"><method name="values" desc="()[Luniversum/studios/android/device/storage/Storage$Unit;" line="438"><counter type="INSTRUCTION" missed="4" covered="0"/><counter type="LINE" missed="1" covered="0"/><counter type="COMPLEXITY" missed="1" covered="0"/><counter type="METHOD" missed="1" covered="0"/></method><method name="valueOf" desc="(Ljava/lang/String;)Luniversum/studios/android/device/storage/Storage$Unit;" line="438"><counter type="INSTRUCTION" missed="5" covered="0"/><counter type="LINE" missed="1" covered="0"/><counter type="COMPLEXITY" missed="1" covered="0"/><counter type="METHOD" missed="1" covered="0"/></metho
[...]
 nr="226" mi="2" ci="0" mb="0" cb="0"/><line nr="230" mi="4" ci="0" mb="2" cb="0"/><line nr="232" mi="18" ci="0" mb="12" cb="0"/><line nr="233" mi="3" ci="0" mb="2" cb="0"/><line nr="234" mi="2" ci="0" mb="0" cb="0"/><line nr="238" mi="6" ci="0" mb="2" cb="0"/><line nr="247" mi="6" ci="0" mb="0" cb="0"/><line nr="263" mi="3" ci="0" mb="2" cb="0"/><line nr="264" mi="8" ci="0" mb="0" cb="0"/><line nr="265" mi="7" ci="0" mb="0" cb="0"/><line nr="268" mi="5" ci="0" mb="4" cb="0"/><line nr="269" mi="8" ci="0" mb="0" cb="0"/><line nr="270" mi="7" ci="0" mb="0" cb="0"/><line nr="273" mi="6" ci="0" mb="0" cb="0"/><line nr="287" mi="4" ci="0" mb="0" cb="0"/><line nr="288" mi="7" ci="0" mb="2" cb="0"/><line nr="289" mi="3" ci="0" mb="2" cb="0"/><line nr="290" mi="4" ci="0" mb="2" cb="0"/><line nr="291" mi="12" ci="0" mb="0" cb="0"/><line nr="292" mi="4" ci="0" mb="0" cb="0"/><line nr="295" mi="7" ci="0" mb="0" cb="0"/><line nr="296" mi="5" ci="0" mb="4" cb="0"/><line nr="297" mi="8" ci="0" mb="2" cb="0"/><line nr="298" mi="8" ci="0" mb="2" cb="0"/><line nr="299" mi="4" ci="0" mb="4" cb="0"/><line nr="300" mi="11" ci="0" mb="0" cb="0"/><line nr="301" mi="4" ci="0" mb="0" cb="0"/><line nr="302" mi="2" ci="0" mb="2" cb="0"/><line nr="304" mi="6" ci="0" mb="0" cb="0"/><line nr="307" mi="5" ci="0" mb="2" cb="0"/><line nr="308" mi="4" ci="0" mb="0" cb="0"/><line nr="310" mi="5" ci="0" mb="0" cb="0"/><line nr="311" mi="5" ci="0" mb="0" cb="0"/><line nr="312" mi="5" ci="0" mb="0" cb="0"/><line nr="313" mi="2" ci="0" mb="0" cb="0"/><line nr="314" mi="2" ci="0" mb="0" cb="0"/><line nr="315" mi="4" ci="0" mb="0" cb="0"/><line nr="316" mi="5" ci="0" mb="0" cb="0"/><line nr="327" mi="5" ci="0" mb="0" cb="0"/><line nr="328" mi="4" ci="0" mb="0" cb="0"/><line nr="329" mi="3" ci="0" mb="2" cb="0"/><line nr="330" mi="4" ci="0" mb="0" cb="0"/><line nr="332" mi="3" ci="0" mb="2" cb="0"/><line nr="334" mi="3" ci="0" mb="0" cb="0"/><line nr="335" mi="10" ci="0" mb="0" cb="0"/><line nr="336" mi="9" ci="0" mb="6" cb="0"/><line nr="337" mi="11" ci="0" mb="0" cb="0"/><line nr="338" mi="4" ci="0" mb="0" cb="0"/><line nr="341" mi="9" ci="0" mb="2" cb="0"/><line nr="342" mi="1" ci="0" mb="0" cb="0"/><line nr="343" mi="2" ci="0" mb="0" cb="0"/><line nr="346" mi="4" ci="0" mb="0" cb="0"/><line nr="347" mi="5" ci="0" mb="0" cb="0"/><line nr="356" mi="6" ci="0" mb="0" cb="0"/><line nr="364" mi="8" ci="0" mb="0" cb="0"/><line nr="385" mi="3" ci="0" mb="2" cb="0"/><line nr="386" mi="8" ci="0" mb="0" cb="0"/><line nr="387" mi="7" ci="0" mb="0" cb="0"/><line nr="390" mi="5" ci="0" mb="4" cb="0"/><line nr="391" mi="8" ci="0" mb="0" cb="0"/><line nr="392" mi="7" ci="0" mb="0" cb="0"/><line nr="395" mi="8" ci="0" mb="0" cb="0"/><line nr="413" mi="3" ci="0" mb="0" cb="0"/><line nr="414" mi="7" ci="0" mb="2" cb="0"/><line nr="415" mi="2" ci="0" mb="0" cb="0"/><line nr="416" mi="3" ci="0" mb="2" cb="0"/><line nr="418" mi="4" ci="0" mb="0" cb="0"/><line nr="419" mi="16" ci="0" mb="2" cb="0"/><line nr="421" mi="14" ci="0" mb="8" cb="0"/><line nr="422" mi="1" ci="0" mb="0" cb="0"/><line nr="425" mi="9" ci="0" mb="0" cb="0"/><line nr="426" mi="3" ci="0" mb="2" cb="0"/><line nr="427" mi="8" ci="0" mb="2" cb="0"/><line nr="428" mi="1" ci="0" mb="0" cb="0"/><line nr="430" mi="12" ci="0" mb="0" cb="0"/><line nr="431" mi="3" ci="0" mb="0" cb="0"/><line nr="432" mi="3" ci="0" mb="2" cb="0"/><line nr="433" mi="6" ci="0" mb="2" cb="0"/><line nr="434" mi="1" ci="0" mb="0" cb="0"/><line nr="436" mi="12" ci="0" mb="0" cb="0"/><line nr="437" mi="2" ci="0" mb="0" cb="0"/><line nr="440" mi="9" ci="0" mb="0" cb="0"/><line nr="442" mi="4" ci="0" mb="0" cb="0"/><line nr="443" mi="3" ci="0" mb="2" cb="0"/><line nr="444" mi="4" ci="0" mb="2" cb="0"/><line nr="445" mi="12" ci="0" mb="0" cb="0"/><line nr="446" mi="3" ci="0" mb="0" cb="0"/><line nr="449" mi="7" ci="0" mb="0" cb="0"/><line nr="451" mi="5" ci="0" mb="4" cb="0"/><line nr="452" mi="4" ci="0" mb="2" cb="0"/><line nr="453" mi="11" ci="0" mb="0" cb="0"/><line nr="454" mi="3" ci="0" mb="0" cb="0"/><line nr="457" mi="6" ci="0" mb="0" cb="0"/><line nr="461" mi="2" ci="0" mb="2" cb="0"/><line nr="462" mi="5" ci="0" mb="0" cb="0"/><line nr="464" mi="14" ci="0" mb="8" cb="0"/><line nr="465" mi="4" ci="0" mb="0" cb="0"/><line nr="468" mi="6" ci="0" mb="4" cb="0"/><line nr="469" mi="11" ci="0" mb="0" cb="0"/><line nr="470" mi="2" ci="0" mb="0" cb="0"/><line nr="473" mi="8" ci="0" mb="0" cb="0"/><line nr="475" mi="6" ci="0" mb="2" cb="0"/><line nr="486" mi="16" ci="0" mb="2" cb="0"/><line nr="499" mi="3" ci="0" mb="0" cb="0"/><line nr="500" mi="3" ci="0" mb="2" cb="0"/><line nr="501" mi="2" ci="0" mb="0" cb="0"/><line nr="503" mi="3" ci="0" mb="2" cb="0"/><line nr="504" mi="12" ci="0" mb="0" cb="0"/><line nr="506" mi="4" ci="0" mb="0" cb="0"/><line nr="507" mi="6" ci="0" mb="2" cb="0"/><line nr="508" mi="5" ci="0" mb="0" cb="0"/><line nr="510" mi="11" ci="0" mb="0" cb="0"/><line nr="511" mi="16" ci="0" mb="0" cb="0"/><line nr="513" mi="2" ci="0" mb="0" cb="0"/><line nr="524" mi="5" ci="0" mb="0" cb="0"/><line nr="525" mi="4" ci="0" mb="0" cb="0"/><line nr="526" mi="12" ci="0" mb="4" cb="0"/><line nr="527" mi="5" ci="0" mb="0" cb="0"/><line nr="546" mi="3" ci="0" mb="2" cb="0"/><line nr="547" mi="8" ci="0" mb="0" cb="0"/><line nr="548" mi="7" ci="0" mb="0" cb="0"/><line nr="551" mi="5" ci="0" mb="4" cb="0"/><line nr="552" mi="8" ci="0" mb="0" cb="0"/><line nr="553" mi="7" ci="0" mb="0" cb="0"/><line nr="556" mi="6" ci="0" mb="0" cb="0"/><line nr="570" mi="13" ci="0" mb="4" cb="0"/><line nr="578" mi="8" ci="0" mb="0" cb="0"/><line nr="605" mi="3" ci="0" mb="2" cb="0"/><line nr="606" mi="8" ci="0" mb="0" cb="0"/><line nr="607" mi="7" ci="0" mb="0" cb="0"/><line nr="610" mi="2" ci="0" mb="2" cb="0"/><line nr="611" mi="3" ci="0" mb="2" cb="0"/><line nr="612" mi="8" ci="0" mb="0" cb="0"/><line nr="613" mi="7" ci="0" mb="0" cb="0"/><line nr="617" mi="3" ci="0" mb="0" cb="0"/><line nr="618" mi="3" ci="0" mb="0" cb="0"/><line nr="619" mi="7" ci="0" mb="4" cb="0"/><line nr="620" mi="14" ci="0" mb="0" cb="0"/><line nr="623" mi="8" ci="0" mb="0" cb="0"/><line nr="641" mi="18" ci="0" mb="4" cb="0"/><line nr="649" mi="6" ci="0" mb="0" cb="0"/><line nr="657" mi="7" ci="0" mb="0" cb="0"/><line nr="676" mi="9" ci="0" mb="2" cb="0"/><line nr="677" mi="6" ci="0" mb="0" cb="0"/><line nr="679" mi="2" ci="0" mb="0" cb="0"/><line nr="680" mi="2" ci="0" mb="0" cb="0"/><line nr="681" mi="2" ci="0" mb="0" cb="0"/><line nr="691" mi="4" ci="0" mb="0" cb="0"/><line nr="692" mi="1" ci="0" mb="0" cb="0"/><counter type="INSTRUCTION" missed="1027" covered="0"/><counter type="BRANCH" missed="176" covered="0"/><counter type="LINE" missed="171" covered="0"/><counter type="COMPLEXITY" missed="114" covered="0"/><counter type="METHOD" missed="26" covered="0"/><counter type="CLASS" missed="1" covered="0"/></sourcefile><sourcefile name="StorageUtils.java"><line nr="65" mi="4" ci="0" mb="0" cb="0"/><line nr="71" mi="5" ci="0" mb="0" cb="0"/><line nr="79" mi="2" ci="0" mb="0" cb="0"/><line nr="81" mi="1" ci="0" mb="0" cb="0"/><line nr="95" mi="6" ci="0" mb="0" cb="0"/><line nr="106" mi="6" ci="0" mb="0" cb="0"/><line nr="119" mi="5" ci="0" mb="0" cb="0"/><line nr="120" mi="11" ci="0" mb="4" cb="0"/><line nr="134" mi="5" ci="0" mb="0" cb="0"/><line nr="135" mi="4" ci="0" mb="0" cb="0"/><line nr="136" mi="3" ci="0" mb="2" cb="0"/><line nr="138" mi="3" ci="0" mb="0" cb="0"/><line nr="139" mi="10" ci="0" mb="0" cb="0"/><line nr="140" mi="9" ci="0" mb="6" cb="0"/><line nr="141" mi="13" ci="0" mb="0" cb="0"/><line nr="142" mi="4" ci="0" mb="0" cb="0"/><line nr="145" mi="5" ci="0" mb="0" cb="0"/><line nr="146" mi="1" ci="0" mb="0" cb="0"/><line nr="147" mi="2" ci="0" mb="0" cb="0"/><line nr="149" mi="4" ci="0" mb="0" cb="0"/><line nr="151" mi="9" ci="0" mb="2" cb="0"/><line nr="152" mi="5" ci="0" mb="0" cb="0"/><line nr="159" mi="4" ci="0" mb="0" cb="0"/><line nr="174" mi="3" ci="0" mb="2" cb="0"/><line nr="175" mi="2" ci="0" mb="0" cb="0"/><line nr="176" mi="16" ci="0" mb="2" cb="0"/><line nr="177" mi="11" ci="0" mb="2" cb="0"/><line nr="179" mi="2" ci="0" mb="0" cb="0"/><line nr="181" mi="2" ci="0" mb="0" cb="0"/><line nr="195" mi="5" ci="0" mb="0" cb="0"/><line nr="196" mi="4" ci="0" mb="0" cb="0"/><line nr="197" mi="12" ci="0" mb="4" cb="0"/><line nr="198" mi="5" ci="0" mb="0" cb="0"/><line nr="205" mi="4" ci="0" mb="0" cb="0"/><line nr="220" mi="3" ci="0" mb="2" cb="0"/><line nr="221" mi="2" ci="0" mb="0" cb="0"/><line nr="222" mi="16" ci="0" mb="2" cb="0"/><line nr="223" mi="11" ci="0" mb="2" cb="0"/><line nr="225" mi="2" ci="0" mb="0" cb="0"/><line nr="227" mi="2" ci="0" mb="0" cb="0"/><line nr="238" mi="5" ci="0" mb="0" cb="0"/><line nr="239" mi="4" ci="0" mb="0" cb="0"/><line nr="240" mi="12" ci="0" mb="4" cb="0"/><line nr="241" mi="5" ci="0" mb="0" cb="0"/><line nr="248" mi="4" ci="0" mb="0" cb="0"/><line nr="263" mi="3" ci="0" mb="2" cb="0"/><line nr="264" mi="2" ci="0" mb="0" cb="0"/><line nr="265" mi="16" ci="0" mb="2" cb="0"/><line nr="266" mi="11" ci="0" mb="2" cb="0"/><line nr="268" mi="2" ci="0" mb="0" cb="0"/><line nr="270" mi="2" ci="0" mb="0" cb="0"/><line nr="277" mi="5" ci="0" mb="0" cb="0"/><line nr="287" mi="9" ci="0" mb="0" cb="0"/><line nr="294" mi="4" ci="0" mb="0" cb="0"/><line nr="302" mi="6" ci="0" mb="0" cb="0"/><line nr="317" mi="3" ci="0" mb="2" cb="0"/><line nr="318" mi="2" ci="0" mb="0" cb="0"/><line nr="319" mi="16" ci="0" mb="2" cb="0"/><line nr="320" mi="13" ci="0" mb="2" cb="0"/><line nr="322" mi="2" ci="0" mb="0" cb="0"/><line nr="324" mi="2" ci="0" mb="0" cb="0"/><line nr="338" mi="14" ci="0" mb="0" cb="0"/><line nr="351" mi="3" ci="0" mb="2" cb="0"/><line nr="352" mi="2" ci="0" mb="0" cb="0"/><line nr="353" mi="16" ci="0" mb="2" cb="0"/><line nr="354" mi="6" ci="0" mb="2" cb="0"/><line nr="356" mi="2" ci="0" mb="0" cb="0"/><line nr="358" mi="2" ci="0" mb="0" cb="0"/><line nr="366" mi="7" ci="0" mb="0" cb="0"/><line nr="380" mi="16" ci="0" mb="0" cb="0"/><line nr="388" mi="7" ci="0" mb="0" cb="0"/><line nr="401" mi="3" ci="0" mb="2" cb="0"/><line nr="402" mi="2" ci="0" mb="0" cb="0"/><line nr="403" mi="16" ci="0" mb="2" cb="0"/><line nr="404" mi="8" ci="0" mb="2" cb="0"/><line nr="406" mi="2" ci="0" mb="0" cb="0"/><line nr="408" mi="2" ci="0" mb="0" cb="0"/><line nr="422" mi="14" ci="0" mb="0" cb="0"/><line nr="435" mi="3" ci="0" mb="2" cb="0"/><line nr="436" mi="2" ci="0" mb="0" cb="0"/><line nr="437" mi="16" ci="0" mb="2" cb="0"/><line nr="438" mi="6" ci="0" mb="2" cb="0"/><line nr="440" mi="2" ci="0" mb="0" cb="0"/><line nr="442" mi="2" ci="0" mb="0" cb="0"/><line nr="450" mi="7" ci="0" mb="0" cb="0"/><line nr="464" mi="16" ci="0" mb="0" cb="0"/><line nr="472" mi="7" ci="0" mb="0" cb="0"/><line nr="485" mi="3" ci="0" mb="2" cb="0"/><line nr="486" mi="2" ci="0" mb="0" cb="0"/><line nr="487" mi="16" ci="0" mb="2" cb="0"/><line nr="488" mi="8" ci="0" mb="2" cb="0"/><line nr="490" mi="2" ci="0" mb="0" cb="0"/><line nr="492" mi="2" ci="0" mb="0" cb="0"/><line nr="505" mi="3" ci="0" mb="2" cb="0"/><line nr="506" mi="2" ci="0" mb="0" cb="0"/><line nr="508" mi="4" ci="0" mb="0" cb="0"/><line nr="509" mi="16" ci="0" mb="2" cb="0"/><counter type="INSTRUCTION" missed="592" covered="0"/><counter type="BRANCH" missed="74" covered="0"/><counter type="LINE" missed="97" covered="0"/><counter type="COMPLEXITY" missed="69" covered="0"/><counter type="METHOD" missed="32" covered="0"/><counter type="CLASS" missed="1" covered="0"/></sourcefile><counter type="INSTRUCTION" missed="3605" covered="0"/><counter type="BRANCH" missed="386" covered="0"/><counter type="LINE" missed="585" covered="0"/><counter type="COMPLEXITY" missed="374" covered="0"/><counter type="METHOD" missed="176" covered="0"/><counter type="CLASS" missed="14" covered="0"/></package><package name="universum/studios/android/device"><class name="universum/studios/android/device/DeviceUtils"><method name="&lt;init&gt;" desc="()V" line="139"><counter type="INSTRUCTION" missed="3" covered="0"/><counter type="LINE" missed="2" covered="0"/><counter type="COMPLEXITY" missed="1" covered="0"/><counter type="METHOD" missed="1" covered="0"/></method><method name="isTablet" desc="(Landroid/content/Context;)Z" line="165"><counter type="INSTRUCTION" missed="40" covered="0"/><counter type="BRANCH" missed="10" covered="0"/><counter type="LINE" missed="14" covered="0"/><counter type="COMPLEXITY" missed="6" covered="0"/><counter type="METHOD" missed="1" covered="0"/></method><counter type="INSTRUCTION" missed="43" covered="0"/><counter type="BRANCH" missed="10" covered="0"/><counter type="LINE" missed="16" covered="0"/><counter type="COMPLEXITY" missed="7" covered="0"/><counter type="METHOD" missed="2" covered="0"/><counter type="CLASS" missed="1" covered="0"/></class><class name="universum/studios/android/device/DeviceConfig"><method name="&lt;init&gt;" desc="()V" line="48"><counter type="INSTRUCTION" missed="3" covered="0"/><counter type="LINE" missed="2" covered="0"/><counter type="COMPLEXITY" missed="1" covered="0"/><counter type="METHOD" missed="1" covered="0"/></method><method name="&lt;clinit&gt;" desc="()V" line="36"><counter type="INSTRUCTION" missed="0" covered="5"/><counter type="LINE" missed="0" covered="2"/><counter type="COMPLEXITY" missed="0" covered="1"/><counter type="METHOD" missed="0" covered="1"/></method><counter type="INSTRUCTION" missed="3" covered="5"/><counter type="LINE" missed="2" covered="2"/><counter type="COMPLEXITY" missed="1" covered="1"/><counter type="METHOD" missed="1" covered="1"/><counter type="CLASS" missed="0" covered="1"/></class><class name="universum/studios/android/device/Device"><method name="&lt;init&gt;" desc="()V" line="163"><counter type="INSTRUCTION" missed="3" covered="0"/><counter type="LINE" missed="2" covered="0"/><counter type="COMPLEXITY" missed="1" covered="0"/><counter type="METHOD" missed="1" covered="0"/></method><method name="&lt;clinit&gt;" desc="()V" line="45"><counter type="INSTRUCTION" missed="84" covered="0"/><counter type="BRANCH" missed="26" covered="0"/><counter type="LINE" missed="54" covered="0"/><counter type="COMPLEXITY" missed="26" covered="0"/><counter type="METHOD" missed="1" covered="0"/></method><counter type="INSTRUCTION" missed="87" covered="0"/><counter type="BRANCH" missed="26" covered="0"/><counter type="LINE" missed="56" covered="0"/><counter type="COMPLEXITY" missed="27" covered="0"/><counter type="METHOD" missed="2" covered="0"/><counter type="CLASS" missed="1" covered="0"/></class><class name="universum/studios/android/device/DeviceUtils$1"><method name="&lt;clinit&gt;" desc="()V" line="178"><counter type="INSTRUCTION" missed="44" covered="0"/><counter type="LINE" missed="2" covered="0"/><counter type="COMPLEXITY" missed="1" covered="0"/><counter type="METHOD" missed="1" covered="0"/></method><counter type="INSTRUCTION" missed="44" covered="0"/><counter type="LINE" missed="2" covered="0"/><counter type="COMPLEXITY" missed="1" covered="0"/><counter type="METHOD" missed="1" covered="0"/><counter type="CLASS" missed="1" covered="0"/></class><sourcefile name="DeviceUtils.java"><line nr="139" mi="2" ci="0" mb="0" cb="0"/><line nr="141" mi="1" ci="0" mb="0" cb="0"/><line nr="165" mi="4" ci="0" mb="0" cb="0"/><line nr="166" mi="2" ci="0" mb="0" cb="0"/><line nr="169" mi="3" ci="0" mb="2" cb="0"/><line nr="171" mi="1" ci="0" mb="0" cb="0"/><line nr="172" mi="1" ci="0" mb="0" cb="0"/><line nr="178" mi="25" ci="0" mb="2" cb="0"/><line nr="181" mi="1" ci="0" mb="0" cb="0"/><line nr="182" mi="1" ci="0" mb="0" cb="0"/><line nr="188" mi="5" ci="0" mb="2" cb="0"/><line nr="189" mi="1" ci="0" mb="0" cb="0"/><line nr="193" mi="31" ci="0" mb="2" cb="0"/><line nr="197" mi="1" ci="0" mb="0" cb="0"/><line nr="198" mi="1" ci="0" mb="0" cb="0"/><line nr="203" mi="7" ci="0" mb="2" cb="0"/><counter type="INSTRUCTION" missed="87" covered="0"/><counter type="BRANCH" missed="10" covered="0"/><counter type="LINE" missed="16" covered="0"/><counter type="COMPLEXITY" missed="8" covered="0"/><counter type="METHOD" missed="3" covered="0"/><counter type="CLASS" missed="2" covered="0"/></sourcefile><sourcefile name="DeviceConfig.java"><line nr="36" mi="0" ci="2" mb="0" cb="0"/><line nr="44" mi="0" ci="3" mb="0" cb="0"/><line nr="48" mi="2" ci="0" mb="0" cb="0"/><line nr="50" mi="1" ci="0" mb="0" cb="0"/><counter type="INSTRUCTION" missed="3" covered="5"/><counter type="LINE" missed="2" covered="2"/><counter type="COMPLEXITY" missed="1" covered="1"/><counter type="METHOD" missed="1" covered="1"/><counter type="CLASS" missed="0" covered="1"/></sourcefile><sourcefile name="Device.java"><line nr="45" mi="2" ci="0" mb="0" cb="0"/><line nr="56" mi="2" ci="0" mb="26" cb="0"/><line nr="58" mi="2" ci="0" mb="0" cb="0"/><line nr="59" mi="1" ci="0" mb="0" cb="0"/><line nr="61" mi="2" ci="0" mb="0" cb="0"/><line nr="62" mi="1" ci="0" mb="0" cb="0"/><line nr="64" mi="2" ci="0" mb="0" cb="0"/><line nr="65" mi="1" ci="0" mb="0" cb="0"/><line nr="67" mi="2" ci="0" mb="0" cb="0"/><line nr="68" mi="1" ci="0" mb="0" cb="0"/><line nr="70" mi="2" ci="0" mb="0" cb="0"/><line nr="71" mi="1" ci="0" mb="0" cb="0"/><line nr="73" mi="2" ci="0" mb="0" cb="0"/><line nr="74" mi="1" ci="0" mb="0" cb="0"/><line nr="76" mi="2" ci="0" mb="0" cb="0"/><line nr="77" mi="1" ci="0" mb="0" cb="0"/><line nr="79" mi="2" ci="0" mb="0" cb="0"/><line nr="80" mi="1" ci="0" mb="0" cb="0"/><line nr="82" mi="2" ci="0" mb="0" cb="0"/><line nr="83" mi="1" ci="0" mb="0" cb="0"/><line nr="85" mi="2" ci="0" mb="0" cb="0"/><line nr="86" mi="1" ci="0" mb="0" cb="0"/><line nr="88" mi="2" ci="0" mb="0" cb="0"/><line nr="89" mi="1" ci="0" mb="0" cb="0"/><line nr="91" mi="2" ci="0" mb="0" cb="0"/><line nr="92" mi="1" ci="0" mb="0" cb="0"/><line nr="94" mi="2" ci="0" mb="0" cb="0"/><line nr="95" mi="1" ci="0" mb="0" cb="0"/><line nr="97" mi="2" ci="0" mb="0" cb="0"/><line nr="98" mi="1" ci="0" mb="0" cb="0"/><line nr="100" mi="2" ci="0" mb="0" cb="0"/><line nr="101" mi="1" ci="0" mb="0" cb="0"/><line nr="103" mi="2" ci="0" mb="0" cb="0"/><line nr="104" mi="1" ci="0" mb="0" cb="0"/><line nr="106" mi="2" ci="0" mb="0" cb="0"/><line nr="107" mi="1" ci="0" mb="0" cb="0"/><line nr="109" mi="2" ci="0" mb="0" cb="0"/><line nr="110" mi="1" ci="0" mb="0" cb="0"/><line nr="112" mi="2" ci="0" mb="0" cb="0"/><line nr="113" mi="1" ci="0" mb="0" cb="0"/><line nr="115" mi="2" ci="0" mb="0" cb="0"/><line nr="116" mi="1" ci="0" mb="0" cb="0"/><line nr="118" mi="2" ci="0" mb="0" cb="0"/><line nr="119" mi="1" ci="0" mb="0" cb="0"/><line nr="121" mi="2" ci="0" mb="0" cb="0"/><line nr="122" mi="1" ci="0" mb="0" cb="0"/><line nr="124" mi="2" ci="0" mb="0" cb="0"/><line nr="125" mi="1" ci="0" mb="0" cb="0"/><line nr="127" mi="2" ci="0" mb="0" cb="0"/><line nr="128" mi="1" ci="0" mb="0" cb="0"/><line nr="130" mi="2" ci="0" mb="0" cb="0"/><line nr="131" mi="1" ci="0" mb="0" cb="0"/><line nr="133" mi="2" ci="0" mb="0" cb="0"/><line nr="143" mi="3" ci="0" mb="0" cb="0"/><line nr="163" mi="2" ci="0" mb="0" cb="0"/><line nr="165" mi="1" ci="0" mb="0" cb="0"/><counter type="INSTRUCTION" missed="87" covered="0"/><counter type="BRANCH" missed="26" covered="0"/><counter type="LINE" missed="56" covered="0"/><counter type="COMPLEXITY" missed="27" covered="0"/><counter type="METHOD" missed="2" covered="0"/><counter type="CLASS" missed="1" covered="0"/></sourcefile><counter type="INSTRUCTION" missed="177" covered="5"/><counter type="BRANCH" missed="36" covered="0"/><counter type="LINE" missed="74" covered="2"/><counter type="COMPLEXITY" missed="36" covered="1"/><counter type="METHOD" missed="6" covered="1"/><counter type="CLASS" missed="3" covered="1"/></package><counter type="INSTRUCTION" missed="5526" covered="5"/><counter type="BRANCH" missed="591" covered="0"/><counter type="LINE" missed="969" covered="2"/><counter type="COMPLEXITY" missed="593" covered="1"/><counter type="METHOD" missed="276" covered="1"/><counter type="CLASS" missed="32" covered="1"/></report>